[38;5;112m[Appium][0m Welcome to Appium v2.19.0 (REV c1e881e6bf388d08b3f4e8484382d08bdc59b5f7)
[38;5;112m[Appium][0m Non-default server args:
[38;5;112m[Appium][0m { allowCors: [33mtrue[39m, relaxedSecurityEnabled: [33mtrue[39m }
[38;5;112m[Appium][0m Enabling relaxed security. All insecure features will be enabled unless explicitly disabled by --deny-insecure
[38;5;112m[Appium][0m The autodetected Appium home path: /Users/icebergslim/projects/voyager-RN/automation
[38;5;112m[Appium][0m Attempting to load driver xcuitest...
[38;5;112m[Appium][0m Attempting to load driver uiautomator2...
[38;5;112m[Appium][0m Requiring driver at /Users/icebergslim/projects/voyager-RN/automation/node_modules/appium-xcuitest-driver/build/index.js
[38;5;112m[Appium][0m Requiring driver at /Users/icebergslim/projects/voyager-RN/automation/node_modules/appium-uiautomator2-driver/build/index.js
[38;5;112m[Appium][0m XCUITestDriver has been successfully loaded in 0.164s
[38;5;112m[Appium][0m AndroidUiautomator2Driver has been successfully loaded in 0.298s
[38;5;112m[Appium][0m You have enabled CORS requests from any host. Be careful not to visit sites which could maliciously try to start Appium sessions on your machine
[38;5;112m[Appium][0m Appium REST http interface listener started on http://0.0.0.0:4723
[38;5;112m[Appium][0m You can provide the following URLs in your client code to connect to this server:
	http://127.0.0.1:4723/ (only accessible from the same host)
	http://172.20.10.2:4723/
[38;5;112m[Appium][0m Available drivers:
[38;5;112m[Appium][0m   - xcuitest@5.16.1 (automationName 'XCUITest')
[38;5;112m[Appium][0m   - uiautomator2@2.45.1 (automationName 'UiAutomator2')
[38;5;112m[Appium][0m No plugins have been installed. Use the "appium plugin" command to install the one(s) you want to use.
[38;5;112m[Appium][0m Received SIGTERM - shutting down
[38;5;136m[AppiumDriver@41f9][0m There are no active sessions for cleanup
[38;5;86m[HTTP][0m Closing Appium HTTP server
[38;5;86m[HTTP][0m Appium HTTP server has been successfully closed after 1ms
