2025-11-01 19:44:18:971 [Appium] Welcome to Appium v2.19.0 (REV c1e881e6bf388d08b3f4e8484382d08bdc59b5f7)
2025-11-01 19:44:18:972 [Appium] Non-default server args:
2025-11-01 19:44:18:973 [Appium] { allowCors: true, relaxedSecurityEnabled: true }
2025-11-01 19:44:18:973 [Appium] Enabling relaxed security. All insecure features will be enabled unless explicitly disabled by --deny-insecure
2025-11-01 19:44:18:973 [Appium] The autodetected Appium home path: /Users/icebergslim/projects/voyager-RN/automation
2025-11-01 19:44:18:973 [Appium] Attempting to load driver xcuitest...
2025-11-01 19:44:18:973 [Appium] Attempting to load driver uiautomator2...
2025-11-01 19:44:18:975 [Appium] Requiring driver at /Users/icebergslim/projects/voyager-RN/automation/node_modules/appium-xcuitest-driver/build/index.js
2025-11-01 19:44:18:976 [Appium] Requiring driver at /Users/icebergslim/projects/voyager-RN/automation/node_modules/appium-uiautomator2-driver/build/index.js
2025-11-01 19:44:19:137 [Appium] XCUITestDriver has been successfully loaded in 0.164s
2025-11-01 19:44:19:271 [Appium] AndroidUiautomator2Driver has been successfully loaded in 0.298s
2025-11-01 19:44:19:276 [Appium] You have enabled CORS requests from any host. Be careful not to visit sites which could maliciously try to start Appium sessions on your machine
2025-11-01 19:44:19:277 [Appium] Appium REST http interface listener started on http://0.0.0.0:4723
2025-11-01 19:44:19:278 [Appium] You can provide the following URLs in your client code to connect to this server:
	http://127.0.0.1:4723/ (only accessible from the same host)
	http://172.20.10.2:4723/
2025-11-01 19:44:19:278 [Appium] Available drivers:
2025-11-01 19:44:19:278 [Appium]   - xcuitest@5.16.1 (automationName 'XCUITest')
2025-11-01 19:44:19:278 [Appium]   - uiautomator2@2.45.1 (automationName 'UiAutomator2')
2025-11-01 19:44:19:278 [Appium] No plugins have been installed. Use the "appium plugin" command to install the one(s) you want to use.
2025-11-01 19:48:24:684 [Appium] Received SIGTERM - shutting down
