2025-11-01 19:34:57:252 [Appium] Welcome to Appium v2.19.0 (REV 9dd7d9d067319f6060a1aecc09e68e4ed979193d)
2025-11-01 19:34:57:253 [Appium] Non-default server args:
2025-11-01 19:34:57:254 [Appium] { allowCors: true, basePath: '/', port: 50462, relaxedSecurityEnabled: true }
2025-11-01 19:34:57:254 [Appium] Enabling relaxed security. All insecure features will be enabled unless explicitly disabled by --deny-insecure
2025-11-01 19:34:57:255 [Appium] The autodetected Appium home path: /Users/icebergslim/projects/voyager-RN/automation
2025-11-01 19:34:57:255 [Appium] Attempting to load driver uiautomator2...
2025-11-01 19:34:57:255 [Appium] Attempting to load driver xcuitest...
2025-11-01 19:34:57:256 [Appium] Requiring driver at /Users/icebergslim/projects/voyager-RN/automation/node_modules/appium-xcuitest-driver/build/index.js
2025-11-01 19:34:57:256 [Appium] Requiring driver at /Users/icebergslim/projects/voyager-RN/automation/node_modules/appium-uiautomator2-driver/build/index.js
2025-11-01 19:34:57:622 [Appium] XCUITestDriver has been successfully loaded in 0.366s
2025-11-01 19:34:57:939 [Appium] AndroidUiautomator2Driver has been successfully loaded in 0.684s
2025-11-01 19:34:57:944 [Appium] You have enabled CORS requests from any host. Be careful not to visit sites which could maliciously try to start Appium sessions on your machine
2025-11-01 19:34:57:946 [Appium] Appium REST http interface listener started on http://0.0.0.0:50462
2025-11-01 19:34:57:946 [Appium] You can provide the following URLs in your client code to connect to this server:
	http://127.0.0.1:50462/ (only accessible from the same host)
	http://172.20.10.2:50462/
2025-11-01 19:34:57:946 [Appium] Available drivers:
2025-11-01 19:34:57:947 [Appium]   - uiautomator2@5.0.7 (automationName 'UiAutomator2')
2025-11-01 19:34:57:947 [Appium]   - xcuitest@10.2.2 (automationName 'XCUITest')
2025-11-01 19:34:57:947 [Appium] No plugins have been installed. Use the "appium plugin" command to install the one(s) you want to use.
2025-11-01 19:34:58:080 [HTTP] --> POST /session {"capabilities":{"alwaysMatch":{"platformName":"iOS","appium:deviceName":"iPhone 15 Pro","appium:udid":"69160A0F-7DDF-4442-8C1D-FBA991D48EA7","appium:platformVersion":"17.5","appium:automationName":"XCUITest","appium:bundleId":"com.voyager.rn","appium:noReset":false,"appium:fullReset":false,"appium:newCommandTimeout":300,"appium:wdaLaunchTimeout":180000,"appium:useNewWDA":false,"appium:processArguments":{"env":{"RCT_METRO_PORT":"8081"}},"appium:autoAcceptAlerts":true,"appium:shouldUseSingletonTestManager":false,"appium:shouldUseTestManagerForVisibilityDetection":false,"appium:shouldWaitForQuiescence":false,"appium:waitForQuiescence":false,"appium:waitForIdleTimeout":0,"appium:animationCoolOffTimeout":0,"appium:waitForAnimations":false,"appium:commandTimeouts":{"default":30000},"appium:includeNonModalElements":false,"appium:snapshotMaxDepth":50,"appium:simpleIsVisibleCheck":true,"appium:maxTypingFrequency":60,"appium:wdaStartupRetries":2,"appium:wdaStartupRetryInterval":10000,"appium:iosInstallPause":5000,"...
2025-11-01 19:34:58:080 [AppiumDriver@9e64] Calling AppiumDriver.createSession() with args: [{"platformName":"iOS","appium:deviceName":"iPhone 15 Pro","appium:udid":"69160A0F-7DDF-4442-8C1D-FBA991D48EA7","appium:platformVersion":"17.5","appium:automationName":"XCUITest","appium:bundleId":"com.voyager.rn","appium:noReset":false,"appium:fullReset":false,"appium:newCommandTimeout":300,"appium:wdaLaunchTimeout":180000,"appium:useNewWDA":false,"appium:processArguments":{"env":{"RCT_METRO_PORT":"8081"}},"appium:autoAcceptAlerts":true,"appium:shouldUseSingletonTestManager":false,"appium:shouldUseTestManagerForVisibilityDetection":false,"appium:shouldWaitForQuiescence":false,"appium:waitForQuiescence":false,"appium:waitForIdleTimeout":0,"appium:animationCoolOffTimeout":0,"appium:waitForAnimations":false,"appium:commandTimeouts":{"default":30000},"appium:includeNonModalElements":false,"appium:snapshotMaxDepth":50,"appium:simpleIsVisibleCheck":true,"appium:maxTypingFrequency":60,"appium:wdaStartupRetries":2,"appium:wdaStartupRetryInterval":10000,"appium:iosInstallPause":5000,"appium:waitForAppScript":"","a...
2025-11-01 19:34:58:081 [AppiumDriver@9e64] Event 'newSessionRequested' logged at 1762025698081 (15:34:58 GMT-0400 (Eastern Daylight Time))
2025-11-01 19:34:58:082 [Appium] Attempting to find matching driver for automationName 'XCUITest' and platformName 'iOS'
2025-11-01 19:34:58:082 [Appium] The 'xcuitest' driver was installed and matched caps.
2025-11-01 19:34:58:082 [Appium] Will require it at /Users/icebergslim/projects/voyager-RN/automation/node_modules/appium-xcuitest-driver
2025-11-01 19:34:58:082 [Appium] Requiring driver at /Users/icebergslim/projects/voyager-RN/automation/node_modules/appium-xcuitest-driver/build/index.js
2025-11-01 19:34:58:083 [AppiumDriver@9e64] Appium v2.19.0 creating new XCUITestDriver (v10.2.2) session
2025-11-01 19:34:58:083 [AppiumDriver@9e64] Checking BaseDriver versions for Appium and XCUITestDriver
2025-11-01 19:34:58:083 [AppiumDriver@9e64] Appium's BaseDriver version is 9.18.0
2025-11-01 19:34:58:083 [AppiumDriver@9e64] XCUITestDriver's BaseDriver version is 9.18.0
2025-11-01 19:34:58:084 [AppiumDriver@9e64] Enabling relaxed security for this session as per the server configuration. All insecure features will be enabled unless explicitly disabled by --deny-insecure
2025-11-01 19:34:58:084 [XCUITestDriver@4740] 
2025-11-01 19:34:58:084 [XCUITestDriver@4740] Creating session with W3C capabilities: {
  "alwaysMatch": {
    "platformName": "iOS",
    "appium:deviceName": "iPhone 15 Pro",
    "appium:udid": "69160A0F-7DDF-4442-8C1D-FBA991D48EA7",
    "appium:platformVersion": "17.5",
    "appium:automationName": "XCUITest",
    "appium:bundleId": "com.voyager.rn",
    "appium:noReset": false,
    "appium:fullReset": false,
    "appium:newCommandTimeout": 300,
    "appium:wdaLaunchTimeout": 180000,
    "appium:useNewWDA": false,
    "appium:processArguments": {
      "env": {
        "RCT_METRO_PORT": "8081"
      }
    },
    "appium:autoAcceptAlerts": true,
    "appium:shouldUseSingletonTestManager": false,
    "appium:shouldUseTestManagerForVisibilityDetection": false,
    "appium:shouldWaitForQuiescence": false,
    "appium:waitForQuiescence": false,
    "appium:waitForIdleTimeout": 0,
    "appium:animationCoolOffTimeout": 0,
    "appium:waitForAnimations": false,
    "appium:commandTimeouts": {
      "default": 30000
    },
    "appium:includeNonModalElements": false,
    "appium:snapshotMaxDepth": 50,
    "appium:simpleIsVisibleCheck": true,
    "appium:maxTypingFrequency": 60,
    "appium:wdaStartupRetries": 2,
    "appium:wdaStartupRetryInterval": 10000,
    "appium:iosInstallPause": 5000,
    "appium:waitForAppScript": "",
    "appium:skipLogCapture": true,
    "appium:wdaConnectionTimeout": 120000
  },
  "firstMatch": [
    {}
  ]
}
2025-11-01 19:34:58:086 [XCUITestDriver@4740] The following provided capabilities were not recognized by this driver:
2025-11-01 19:34:58:087 [XCUITestDriver@4740]   shouldUseTestManagerForVisibilityDetection
2025-11-01 19:34:58:087 [XCUITestDriver@4740]   shouldWaitForQuiescence
2025-11-01 19:34:58:087 [XCUITestDriver@4740]   animationCoolOffTimeout
2025-11-01 19:34:58:087 [XCUITestDriver@4740]   waitForAnimations
2025-11-01 19:34:58:087 [XCUITestDriver@4740]   includeNonModalElements
2025-11-01 19:34:58:087 [XCUITestDriver@4740]   snapshotMaxDepth
2025-11-01 19:34:58:087 [XCUITestDriver@4740]   waitForAppScript
2025-11-01 19:34:58:087 [8e46be55][XCUITestDriver@4740] Session created with session id: 8e46be55-45aa-47a5-b5b5-88f8289e26ab
2025-11-01 19:34:58:092 [8e46be55][XCUITest] Current user: 'icebergslim'
2025-11-01 19:34:58:096 [8e46be55][XCUITestDriver@4740] Available devices: 
2025-11-01 19:34:58:096 [8e46be55][XCUITestDriver@4740] No real device with udid '69160A0F-7DDF-4442-8C1D-FBA991D48EA7'. Looking for a simulator
2025-11-01 19:34:58:243 [8e46be55][iOSSim] Constructing iOS simulator for Xcode version 26.0.1 with udid '69160A0F-7DDF-4442-8C1D-FBA991D48EA7'
2025-11-01 19:34:58:243 [8e46be55][XCUITestDriver@4740] Determining device to run tests on: udid: '69160A0F-7DDF-4442-8C1D-FBA991D48EA7', real device: false
2025-11-01 19:34:58:243 [8e46be55][XCUITestDriver@4740] Event 'xcodeDetailsRetrieved' logged at 1762025698243 (15:34:58 GMT-0400 (Eastern Daylight Time))
2025-11-01 19:34:58:244 [8e46be55][XCUITestDriver@4740] Event 'appConfigured' logged at 1762025698244 (15:34:58 GMT-0400 (Eastern Daylight Time))
2025-11-01 19:34:58:244 [8e46be55][XCUITestDriver@4740] Event 'resetStarted' logged at 1762025698244 (15:34:58 GMT-0400 (Eastern Daylight Time))
2025-11-01 19:34:58:311 [8e46be55][simctl] Error running 'terminate': An error was encountered processing the command (domain=NSPOSIXErrorDomain, code=3):
Simulator device failed to terminate com.voyager.rn.
found nothing to terminate
Underlying error (domain=NSPOSIXErrorDomain, code=3):
	The request to terminate "com.voyager.rn" failed. found nothing to terminate
	found nothing to terminate
2025-11-01 19:34:58:311 [8e46be55][XCUITest] Reset: failed to terminate Simulator application with id "com.voyager.rn"
2025-11-01 19:34:58:402 [8e46be55][iOSSim] Found 15 com.voyager.rn app files to scrub
2025-11-01 19:34:58:469 [8e46be55][simctl] Error running 'terminate': An error was encountered processing the command (domain=NSPOSIXErrorDomain, code=3):
Simulator device failed to terminate com.voyager.rn.
found nothing to terminate
Underlying error (domain=NSPOSIXErrorDomain, code=3):
	The request to terminate "com.voyager.rn" failed. found nothing to terminate
	found nothing to terminate
2025-11-01 19:34:58:471 [8e46be55][XCUITestDriver@4740] Event 'resetComplete' logged at 1762025698471 (15:34:58 GMT-0400 (Eastern Daylight Time))
2025-11-01 19:34:58:472 [8e46be55][XCUITestDriver@4740] Using WDA path: '/Users/icebergslim/projects/voyager-RN/automation/node_modules/appium-xcuitest-driver/node_modules/appium-webdriveragent'
2025-11-01 19:34:58:472 [8e46be55][XCUITestDriver@4740] Using WDA agent: '/Users/icebergslim/projects/voyager-RN/automation/node_modules/appium-xcuitest-driver/node_modules/appium-webdriveragent/WebDriverAgent.xcodeproj'
2025-11-01 19:34:58:473 [8e46be55][XCUITestDriver@4740] 'skipLogCapture' is set. Skipping starting logs such as crash, system, safari console and safari network.
2025-11-01 19:34:58:473 [8e46be55][XCUITestDriver@4740] Setting up simulator
2025-11-01 19:34:58:474 [8e46be55][iOSSim] Setting preferences of 69160A0F-7DDF-4442-8C1D-FBA991D48EA7 Simulator to {"ConnectHardwareKeyboard":false}
2025-11-01 19:34:58:474 [8e46be55][iOSSim] Setting common Simulator preferences to {"RotateWindowWhenSignaledByGuest":true,"StartLastDeviceOnLaunch":false,"DetachOnWindowClose":false,"AttachBootedOnStart":true,"ConnectHardwareKeyboard":false,"PasteboardAutomaticSync":false}
2025-11-01 19:34:58:493 [8e46be55][iOSSim] Updated 69160A0F-7DDF-4442-8C1D-FBA991D48EA7 Simulator preferences at '/Users/icebergslim/Library/Preferences/com.apple.iphonesimulator.plist' with {"RotateWindowWhenSignaledByGuest":true,"StartLastDeviceOnLaunch":false,"DetachOnWindowClose":false,"AttachBootedOnStart":true,"ConnectHardwareKeyboard":false,"PasteboardAutomaticSync":false,"DevicePreferences":{"69160A0F-7DDF-4442-8C1D-FBA991D48EA7":{"ConnectHardwareKeyboard":false,"SimulatorExternalDisplay":2114,"SimulatorWindowOrientation":"Portrait","SimulatorWindowGeometry":{"1EBECD35-C428-4BB4-9951-2D57DECA6BC7":{"WindowCenter":"{239, 555}","WindowScale":1},"D4BCE92E-AE28-43D2-8599-7044B4944778":{"WindowCenter":"{240, 556}","WindowScale":1}},"SimulatorWindowRotationAngle":0,"ChromeTint":""}}}
2025-11-01 19:34:58:581 [8e46be55][iOSSim] Got Simulator UI client PID: 30187
2025-11-01 19:34:58:581 [8e46be55][iOSSim] Both Simulator with UDID '69160A0F-7DDF-4442-8C1D-FBA991D48EA7' and the UI client are currently running
2025-11-01 19:34:58:582 [8e46be55][XCUITestDriver@4740] Event 'simStarted' logged at 1762025698582 (15:34:58 GMT-0400 (Eastern Daylight Time))
2025-11-01 19:34:58:720 [8e46be55][XCUITestDriver@4740] No obsolete cached processes from previous WDA sessions listening on port 8100 have been found
2025-11-01 19:34:58:720 [8e46be55][DevCon Factory] Requesting connection for device 69160A0F-7DDF-4442-8C1D-FBA991D48EA7 on local port 8100
2025-11-01 19:34:58:720 [8e46be55][DevCon Factory] Cached connections count: 0
2025-11-01 19:34:58:720 [8e46be55][DevCon Factory] Successfully requested the connection for 69160A0F-7DDF-4442-8C1D-FBA991D48EA7:8100
2025-11-01 19:34:58:721 [8e46be55][XCUITestDriver@4740] Starting WebDriverAgent initialization with the synchronization key 'XCUITestDriver'
2025-11-01 19:34:58:722 [8e46be55][WD Proxy] Matched '/status' to command name 'getStatus'
2025-11-01 19:34:58:723 [8e46be55][WD Proxy] Proxying [GET /status] to [GET http://127.0.0.1:8100/status] with no body
2025-11-01 19:34:58:729 [8e46be55][WD Proxy] Got response with status 200: {"value":{"build":{"upgradedAt":"1762024973987","time":"Nov  1 2025 15:33:13","productBundleIdentifier":"com.facebook.WebDriverAgentRunner"},"os":{"testmanagerdVersion":65535,"name":"iOS","sdkVersion":"26.0","version":"26.0.1"},"device":"iphone","ios":{"simulatorVersion":"26.0.1","ip":"172.20.10.2"},"message":"WebDriverAgent is ready to accept commands","state":"success","ready":true},"sessionId":null}
2025-11-01 19:34:58:730 [8e46be55][XCUITestDriver@4740] Upgrade timestamp of the currently bundled WDA: 1762024973987
2025-11-01 19:34:58:730 [8e46be55][XCUITestDriver@4740] Upgrade timestamp of the WDA on the device: 1762024973987
2025-11-01 19:34:58:730 [8e46be55][XCUITestDriver@4740] Will reuse previously cached WDA instance at 'http://127.0.0.1:8100/' with 'com.facebook.WebDriverAgentRunner'. Set the wdaLocalPort capability to a value different from 8100 if this is an undesired behavior.
2025-11-01 19:34:58:730 [8e46be55][XCUITestDriver@4740] Trying to start WebDriverAgent 2 times with 10000ms interval
2025-11-01 19:34:58:730 [8e46be55][XCUITestDriver@4740] Event 'wdaStartAttempted' logged at 1762025698730 (15:34:58 GMT-0400 (Eastern Daylight Time))
2025-11-01 19:34:58:730 [8e46be55][XCUITestDriver@4740] Using provided WebdriverAgent at 'http://127.0.0.1:8100/'
2025-11-01 19:34:58:730 [8e46be55][WD Proxy] Matched '/status' to command name 'getStatus'
2025-11-01 19:34:58:731 [8e46be55][WD Proxy] Proxying [GET /status] to [GET http://127.0.0.1:8100/status] with no body
2025-11-01 19:34:58:732 [8e46be55][WD Proxy] Got response with status 200: {"value":{"build":{"upgradedAt":"1762024973987","time":"Nov  1 2025 15:33:13","productBundleIdentifier":"com.facebook.WebDriverAgentRunner"},"os":{"testmanagerdVersion":65535,"name":"iOS","sdkVersion":"26.0","version":"26.0.1"},"device":"iphone","ios":{"simulatorVersion":"26.0.1","ip":"172.20.10.2"},"message":"WebDriverAgent is ready to accept commands","state":"success","ready":true},"sessionId":null}
2025-11-01 19:34:58:733 [8e46be55][XCUITestDriver@4740] Event 'wdaSessionAttempted' logged at 1762025698733 (15:34:58 GMT-0400 (Eastern Daylight Time))
2025-11-01 19:34:58:733 [8e46be55][XCUITestDriver@4740] Sending createSession command to WDA
2025-11-01 19:34:58:733 [8e46be55][XCUITestDriver@4740] Setting custom timeout to 30000 ms for 'createSession' command
2025-11-01 19:34:58:733 [8e46be55][XCUITestDriver@4740] Matched '/session' to command name 'createSession'
2025-11-01 19:34:58:733 [8e46be55][XCUITestDriver@4740] Proxying [POST /session] to [POST http://127.0.0.1:8100/session] with body: {"capabilities":{"firstMatch":[{"bundleId":"com.voyager.rn","arguments":[],"environment":{"RCT_METRO_PORT":"8081"},"eventloopIdleDelaySec":0,"shouldWaitForQuiescence":false,"shouldUseTestManagerForVisibilityDetection":true,"maxTypingFrequency":60,"shouldUseSingletonTestManager":false,"waitForIdleTimeout":0,"shouldTerminateApp":true,"forceAppLaunch":true,"useNativeCachingStrategy":true,"forceSimulatorSoftwareKeyboardPresence":true,"defaultAlertAction":"accept"}],"alwaysMatch":{}}}
2025-11-01 19:34:59:674 [8e46be55][XCUITestDriver@4740] Parsed BUILD_DIR configuration value: '/Users/icebergslim/projects/voyager-RN/automation/node_modules/appium-xcuitest-driver/node_modules/appium-webdriveragent/build'
2025-11-01 19:34:59:674 [8e46be55][XCUITestDriver@4740] Got derived data root: '/Users/icebergslim/projects/voyager-RN/automation/node_modules/appium-xcuitest-driver/node_modules'
2025-11-01 19:35:00:457 [8e46be55][XCUITestDriver@4740] Got response with status 200: {"value":{"sessionId":"E557D0CC-B359-4744-853B-0B3005B05F52","capabilities":{"sdkVersion":"26.0.1","device":"iphone"}},"sessionId":"E557D0CC-B359-4744-853B-0B3005B05F52"}
2025-11-01 19:35:00:457 [8e46be55][XCUITestDriver@4740] Determined the downstream protocol as 'W3C'
2025-11-01 19:35:00:458 [8e46be55][XCUITestDriver@4740] Event 'wdaSessionStarted' logged at 1762025700458 (15:35:00 GMT-0400 (Eastern Daylight Time))
2025-11-01 19:35:00:458 [8e46be55][XCUITestDriver@4740] Event 'wdaStarted' logged at 1762025700458 (15:35:00 GMT-0400 (Eastern Daylight Time))
2025-11-01 19:35:00:459 [8e46be55][BaseDriver] The value of 'elementResponseAttributes' setting did not change. Skipping the update for it
2025-11-01 19:35:00:460 [8e46be55][BaseDriver] The value of 'shouldUseCompactResponses' setting did not change. Skipping the update for it
2025-11-01 19:35:00:460 [8e46be55][AppiumDriver@9e64] New XCUITestDriver session created successfully, session 8e46be55-45aa-47a5-b5b5-88f8289e26ab added to master session list
2025-11-01 19:35:00:460 [8e46be55][AppiumDriver@9e64] Event 'newSessionStarted' logged at 1762025700460 (15:35:00 GMT-0400 (Eastern Daylight Time))
2025-11-01 19:35:00:461 [8e46be55][XCUITestDriver@4740] Cached the protocol value 'W3C' for the new session 8e46be55-45aa-47a5-b5b5-88f8289e26ab
2025-11-01 19:35:00:461 [8e46be55][XCUITestDriver@4740] Responding to client with driver.createSession() result: {"capabilities":{"webStorageEnabled":false,"locationContextEnabled":false,"browserName":"","platform":"MAC","javascriptEnabled":true,"databaseEnabled":false,"takesScreenshot":true,"networkConnectionEnabled":false,"platformName":"iOS","deviceName":"iPhone 15 Pro","udid":"69160A0F-7DDF-4442-8C1D-FBA991D48EA7","platformVersion":"17.5","automationName":"XCUITest","bundleId":"com.voyager.rn","noReset":false,"fullReset":false,"newCommandTimeout":300,"wdaLaunchTimeout":180000,"useNewWDA":false,"processArguments":{"env":{"RCT_METRO_PORT":"8081"}},"autoAcceptAlerts":true,"shouldUseSingletonTestManager":false,"shouldUseTestManagerForVisibilityDetection":false,"shouldWaitForQuiescence":false,"waitForQuiescence":false,"waitForIdleTimeout":0,"animationCoolOffTimeout":0,"waitForAnimations":false,"commandTimeouts":{"default":30000},"includeNonModalElements":false,"snapshotMaxDepth":50,"simpleIsVisibleCheck":true,"maxTypingFrequency":60,"wdaStartupRetries":2,"wdaStartupRetryInterval":10000,"iosInstallPause":5000,"waitForA...
2025-11-01 19:35:00:464 [8e46be55][HTTP] <-- POST /session 200 2383 ms - 1148 
2025-11-01 19:35:00:482 [8e46be55][HTTP] --> POST /session/8e46be55-45aa-47a5-b5b5-88f8289e26ab/element {"using":"-android uiautomator","value":"new UiSelector().resourceId(\"android:id/button1\")"}
2025-11-01 19:35:00:483 [8e46be55][XCUITestDriver@4740] Calling AppiumDriver.findElement() with args: ["-android uiautomator","new UiSelector().resourceId(\"android:id/button1\")","8e46be55-45aa-47a5-b5b5-88f8289e26ab"]
2025-11-01 19:35:00:483 [8e46be55][XCUITestDriver@4740] Executing command 'findElement'
2025-11-01 19:35:00:483 [8e46be55][XCUITestDriver@4740] Valid locator strategies for this request: xpath, id, name, class name, -ios predicate string, -ios class chain, accessibility id, css selector
2025-11-01 19:35:00:489 [8e46be55][XCUITestDriver@4740] Encountered internal error running command: InvalidSelectorError: Locator Strategy '-android uiautomator' is not supported for this session
    at XCUITestDriver.validateLocatorStrategy (/Users/icebergslim/projects/voyager-RN/automation/node_modules/@appium/base-driver/lib/basedriver/core.ts:333:13)
    at XCUITestDriver.validateLocatorStrategy (/Users/icebergslim/projects/voyager-RN/automation/node_modules/appium-xcuitest-driver/lib/driver.js:1450:11)
    at XCUITestDriver.findElOrElsWithProcessing (/Users/icebergslim/projects/voyager-RN/automation/node_modules/@appium/base-driver/lib/basedriver/commands/find.ts:57:8)
    at XCUITestDriver.findElement (/Users/icebergslim/projects/voyager-RN/automation/node_modules/@appium/base-driver/lib/basedriver/commands/find.ts:75:23)
    at runCommandPromise (/Users/icebergslim/projects/voyager-RN/automation/node_modules/@appium/base-driver/lib/basedriver/driver.ts:116:20)
    at /Users/icebergslim/projects/voyager-RN/automation/node_modules/async-lock/lib/index.js:171:12
    at AsyncLock._promiseTry (/Users/icebergslim/projects/voyager-RN/automation/node_modules/async-lock/lib/index.js:306:31)
    at exec (/Users/icebergslim/projects/voyager-RN/automation/node_modules/async-lock/lib/index.js:170:9)
    at AsyncLock.acquire (/Users/icebergslim/projects/voyager-RN/automation/node_modules/async-lock/lib/index.js:189:3)
    at XCUITestDriver.executeCommand (/Users/icebergslim/projects/voyager-RN/automation/node_modules/@appium/base-driver/lib/basedriver/driver.ts:160:39)
    at processTicksAndRejections (node:internal/process/task_queues:95:5)
    at async XCUITestDriver.executeCommand (/Users/icebergslim/projects/voyager-RN/automation/node_modules/appium-xcuitest-driver/lib/driver.js:1068:12)
    at async defaultBehavior (/Users/icebergslim/projects/voyager-RN/automation/node_modules/appium/lib/appium.js:756:14)
    at async AppiumDriver.executeWrappedCommand (/Users/icebergslim/projects/voyager-RN/automation/node_modules/appium/lib/appium.js:869:16)
    at async AppiumDriver.executeCommand (/Users/icebergslim/projects/voyager-RN/automation/node_modules/appium/lib/appium.js:768:17)
    at async asyncHandler (/Users/icebergslim/projects/voyager-RN/automation/node_modules/@appium/base-driver/lib/protocol/protocol.js:389:19)
2025-11-01 19:35:00:489 [8e46be55][HTTP] <-- POST /session/8e46be55-45aa-47a5-b5b5-88f8289e26ab/element 400 8 ms - 2411 
2025-11-01 19:35:00:494 [8e46be55][HTTP] --> POST /session/8e46be55-45aa-47a5-b5b5-88f8289e26ab/element {"using":"-android uiautomator","value":"new UiSelector().resourceId(\"android:id/button1\")"}
2025-11-01 19:35:00:495 [8e46be55][XCUITestDriver@4740] Calling AppiumDriver.findElement() with args: ["-android uiautomator","new UiSelector().resourceId(\"android:id/button1\")","8e46be55-45aa-47a5-b5b5-88f8289e26ab"]
2025-11-01 19:35:00:495 [8e46be55][XCUITestDriver@4740] Executing command 'findElement'
2025-11-01 19:35:00:496 [8e46be55][XCUITestDriver@4740] Valid locator strategies for this request: xpath, id, name, class name, -ios predicate string, -ios class chain, accessibility id, css selector
2025-11-01 19:35:00:496 [8e46be55][XCUITestDriver@4740] Encountered internal error running command: InvalidSelectorError: Locator Strategy '-android uiautomator' is not supported for this session
    at XCUITestDriver.validateLocatorStrategy (/Users/icebergslim/projects/voyager-RN/automation/node_modules/@appium/base-driver/lib/basedriver/core.ts:333:13)
    at XCUITestDriver.validateLocatorStrategy (/Users/icebergslim/projects/voyager-RN/automation/node_modules/appium-xcuitest-driver/lib/driver.js:1450:11)
    at XCUITestDriver.findElOrElsWithProcessing (/Users/icebergslim/projects/voyager-RN/automation/node_modules/@appium/base-driver/lib/basedriver/commands/find.ts:57:8)
    at XCUITestDriver.findElement (/Users/icebergslim/projects/voyager-RN/automation/node_modules/@appium/base-driver/lib/basedriver/commands/find.ts:75:23)
    at runCommandPromise (/Users/icebergslim/projects/voyager-RN/automation/node_modules/@appium/base-driver/lib/basedriver/driver.ts:116:20)
    at /Users/icebergslim/projects/voyager-RN/automation/node_modules/async-lock/lib/index.js:171:12
    at AsyncLock._promiseTry (/Users/icebergslim/projects/voyager-RN/automation/node_modules/async-lock/lib/index.js:306:31)
    at exec (/Users/icebergslim/projects/voyager-RN/automation/node_modules/async-lock/lib/index.js:170:9)
    at AsyncLock.acquire (/Users/icebergslim/projects/voyager-RN/automation/node_modules/async-lock/lib/index.js:189:3)
    at XCUITestDriver.executeCommand (/Users/icebergslim/projects/voyager-RN/automation/node_modules/@appium/base-driver/lib/basedriver/driver.ts:160:39)
    at processTicksAndRejections (node:internal/process/task_queues:95:5)
    at async XCUITestDriver.executeCommand (/Users/icebergslim/projects/voyager-RN/automation/node_modules/appium-xcuitest-driver/lib/driver.js:1068:12)
    at async defaultBehavior (/Users/icebergslim/projects/voyager-RN/automation/node_modules/appium/lib/appium.js:756:14)
    at async AppiumDriver.executeWrappedCommand (/Users/icebergslim/projects/voyager-RN/automation/node_modules/appium/lib/appium.js:869:16)
    at async AppiumDriver.executeCommand (/Users/icebergslim/projects/voyager-RN/automation/node_modules/appium/lib/appium.js:768:17)
    at async asyncHandler (/Users/icebergslim/projects/voyager-RN/automation/node_modules/@appium/base-driver/lib/protocol/protocol.js:389:19)
2025-11-01 19:35:00:497 [8e46be55][HTTP] <-- POST /session/8e46be55-45aa-47a5-b5b5-88f8289e26ab/element 400 2 ms - 2411 
2025-11-01 19:35:00:499 [8e46be55][HTTP] --> POST /session/8e46be55-45aa-47a5-b5b5-88f8289e26ab/element {"using":"-android uiautomator","value":"new UiSelector().resourceId(\"android:id/button1\")"}
2025-11-01 19:35:00:499 [8e46be55][XCUITestDriver@4740] Calling AppiumDriver.findElement() with args: ["-android uiautomator","new UiSelector().resourceId(\"android:id/button1\")","8e46be55-45aa-47a5-b5b5-88f8289e26ab"]
2025-11-01 19:35:00:499 [8e46be55][XCUITestDriver@4740] Executing command 'findElement'
2025-11-01 19:35:00:499 [8e46be55][XCUITestDriver@4740] Valid locator strategies for this request: xpath, id, name, class name, -ios predicate string, -ios class chain, accessibility id, css selector
2025-11-01 19:35:00:499 [8e46be55][XCUITestDriver@4740] Encountered internal error running command: InvalidSelectorError: Locator Strategy '-android uiautomator' is not supported for this session
    at XCUITestDriver.validateLocatorStrategy (/Users/icebergslim/projects/voyager-RN/automation/node_modules/@appium/base-driver/lib/basedriver/core.ts:333:13)
    at XCUITestDriver.validateLocatorStrategy (/Users/icebergslim/projects/voyager-RN/automation/node_modules/appium-xcuitest-driver/lib/driver.js:1450:11)
    at XCUITestDriver.findElOrElsWithProcessing (/Users/icebergslim/projects/voyager-RN/automation/node_modules/@appium/base-driver/lib/basedriver/commands/find.ts:57:8)
    at XCUITestDriver.findElement (/Users/icebergslim/projects/voyager-RN/automation/node_modules/@appium/base-driver/lib/basedriver/commands/find.ts:75:23)
    at runCommandPromise (/Users/icebergslim/projects/voyager-RN/automation/node_modules/@appium/base-driver/lib/basedriver/driver.ts:116:20)
    at /Users/icebergslim/projects/voyager-RN/automation/node_modules/async-lock/lib/index.js:171:12
    at AsyncLock._promiseTry (/Users/icebergslim/projects/voyager-RN/automation/node_modules/async-lock/lib/index.js:306:31)
    at exec (/Users/icebergslim/projects/voyager-RN/automation/node_modules/async-lock/lib/index.js:170:9)
    at AsyncLock.acquire (/Users/icebergslim/projects/voyager-RN/automation/node_modules/async-lock/lib/index.js:189:3)
    at XCUITestDriver.executeCommand (/Users/icebergslim/projects/voyager-RN/automation/node_modules/@appium/base-driver/lib/basedriver/driver.ts:160:39)
    at processTicksAndRejections (node:internal/process/task_queues:95:5)
    at async XCUITestDriver.executeCommand (/Users/icebergslim/projects/voyager-RN/automation/node_modules/appium-xcuitest-driver/lib/driver.js:1068:12)
    at async defaultBehavior (/Users/icebergslim/projects/voyager-RN/automation/node_modules/appium/lib/appium.js:756:14)
    at async AppiumDriver.executeWrappedCommand (/Users/icebergslim/projects/voyager-RN/automation/node_modules/appium/lib/appium.js:869:16)
    at async AppiumDriver.executeCommand (/Users/icebergslim/projects/voyager-RN/automation/node_modules/appium/lib/appium.js:768:17)
    at async asyncHandler (/Users/icebergslim/projects/voyager-RN/automation/node_modules/@appium/base-driver/lib/protocol/protocol.js:389:19)
2025-11-01 19:35:00:499 [8e46be55][HTTP] <-- POST /session/8e46be55-45aa-47a5-b5b5-88f8289e26ab/element 400 1 ms - 2411 
2025-11-01 19:35:00:501 [8e46be55][HTTP] --> POST /session/8e46be55-45aa-47a5-b5b5-88f8289e26ab/element {"using":"-android uiautomator","value":"new UiSelector().resourceId(\"android:id/button1\")"}
2025-11-01 19:35:00:501 [8e46be55][XCUITestDriver@4740] Calling AppiumDriver.findElement() with args: ["-android uiautomator","new UiSelector().resourceId(\"android:id/button1\")","8e46be55-45aa-47a5-b5b5-88f8289e26ab"]
2025-11-01 19:35:00:501 [8e46be55][XCUITestDriver@4740] Executing command 'findElement'
2025-11-01 19:35:00:501 [8e46be55][XCUITestDriver@4740] Valid locator strategies for this request: xpath, id, name, class name, -ios predicate string, -ios class chain, accessibility id, css selector
2025-11-01 19:35:00:502 [8e46be55][XCUITestDriver@4740] Encountered internal error running command: InvalidSelectorError: Locator Strategy '-android uiautomator' is not supported for this session
    at XCUITestDriver.validateLocatorStrategy (/Users/icebergslim/projects/voyager-RN/automation/node_modules/@appium/base-driver/lib/basedriver/core.ts:333:13)
    at XCUITestDriver.validateLocatorStrategy (/Users/icebergslim/projects/voyager-RN/automation/node_modules/appium-xcuitest-driver/lib/driver.js:1450:11)
    at XCUITestDriver.findElOrElsWithProcessing (/Users/icebergslim/projects/voyager-RN/automation/node_modules/@appium/base-driver/lib/basedriver/commands/find.ts:57:8)
    at XCUITestDriver.findElement (/Users/icebergslim/projects/voyager-RN/automation/node_modules/@appium/base-driver/lib/basedriver/commands/find.ts:75:23)
    at runCommandPromise (/Users/icebergslim/projects/voyager-RN/automation/node_modules/@appium/base-driver/lib/basedriver/driver.ts:116:20)
    at /Users/icebergslim/projects/voyager-RN/automation/node_modules/async-lock/lib/index.js:171:12
    at AsyncLock._promiseTry (/Users/icebergslim/projects/voyager-RN/automation/node_modules/async-lock/lib/index.js:306:31)
    at exec (/Users/icebergslim/projects/voyager-RN/automation/node_modules/async-lock/lib/index.js:170:9)
    at AsyncLock.acquire (/Users/icebergslim/projects/voyager-RN/automation/node_modules/async-lock/lib/index.js:189:3)
    at XCUITestDriver.executeCommand (/Users/icebergslim/projects/voyager-RN/automation/node_modules/@appium/base-driver/lib/basedriver/driver.ts:160:39)
    at processTicksAndRejections (node:internal/process/task_queues:95:5)
    at async XCUITestDriver.executeCommand (/Users/icebergslim/projects/voyager-RN/automation/node_modules/appium-xcuitest-driver/lib/driver.js:1068:12)
    at async defaultBehavior (/Users/icebergslim/projects/voyager-RN/automation/node_modules/appium/lib/appium.js:756:14)
    at async AppiumDriver.executeWrappedCommand (/Users/icebergslim/projects/voyager-RN/automation/node_modules/appium/lib/appium.js:869:16)
    at async AppiumDriver.executeCommand (/Users/icebergslim/projects/voyager-RN/automation/node_modules/appium/lib/appium.js:768:17)
    at async asyncHandler (/Users/icebergslim/projects/voyager-RN/automation/node_modules/@appium/base-driver/lib/protocol/protocol.js:389:19)
2025-11-01 19:35:00:502 [8e46be55][HTTP] <-- POST /session/8e46be55-45aa-47a5-b5b5-88f8289e26ab/element 400 1 ms - 2411 
2025-11-01 19:35:00:505 [8e46be55][HTTP] --> POST /session/8e46be55-45aa-47a5-b5b5-88f8289e26ab/touch/perform {"actions":[{"action":"tap","options":{"x":10,"y":10}}]}
2025-11-01 19:35:00:507 [8e46be55][XCUITestDriver@4740] Calling AppiumDriver.performTouch() with args: [[{"action":"tap","options":{"x":10,"y":10}}],"8e46be55-45aa-47a5-b5b5-88f8289e26ab"]
2025-11-01 19:35:00:507 [8e46be55][XCUITestDriver@4740] Executing command 'performTouch'
2025-11-01 19:35:00:507 [8e46be55][XCUITestDriver@4740] Received the following touch action: tap(options={"x":10,"y":10})
2025-11-01 19:35:00:507 [8e46be55][XCUITestDriver@4740] Setting custom timeout to 30000 ms for 'performTouch' command
2025-11-01 19:35:00:511 [8e46be55][XCUITestDriver@4740] Proxying [POST /wda/touch/perform] to [POST http://127.0.0.1:8100/session/E557D0CC-B359-4744-853B-0B3005B05F52/wda/touch/perform] with body: {"actions":[{"action":"tap","options":{"x":10,"y":10}}]}
2025-11-01 19:35:01:090 [8e46be55][XCUITestDriver@4740] Got response with status 500: {"value":{"error":"unknown error","message":"-[XCUIApplicationProcess waitForQuiescenceIncludingAnimationsIdle:]: unrecognized selector sent to instance 0x600002c66b00","traceback":"(\n\t0   CoreFoundation                      0x00000001804f39e8 __exceptionPreprocess + 172\n\t1   libobjc.A.dylib                     0x000000018009c084 objc_exception_throw + 72\n\t2   CoreFoundation                      0x00000001805092a8 +[NSObject(NSObject) instanceMethodSignatureForSelector:] + 0\n\t3   CoreFoundation                      0x00000001804f7cb8 ___forwarding___ + 1196\n\t4   CoreFoundation                      0x00000001804fa1fc _CF_forwarding_prep_0 + 92\n\t5   WebDriverAgentLib                   0x000000010a854d30 -[XCUIElement(FBUtilities) fb_waitUntilStableWithTimeout:] + 312\n\t6   WebDriverAgentLib                   0x000000010a80fc7c -[XCUIApplication(FBTouchAction) fb_performAppiumTouchActions:elementCache:error:] + 192\n\t7   WebDriverAgentLib                   0x000000010a84ccd4 +[FBTouchActionComma...
2025-11-01 19:35:01:091 [8e46be55][W3C] Matched W3C error code 'unknown error' to UnknownError
2025-11-01 19:35:01:095 [8e46be55][XCUITestDriver@4740] Encountered internal error running command: UnknownError: An unknown server-side error occurred while processing the command. Original error: -[XCUIApplicationProcess waitForQuiescenceIncludingAnimationsIdle:]: unrecognized selector sent to instance 0x600002c66b00
    at errorFromW3CJsonCode (/Users/icebergslim/projects/voyager-RN/automation/node_modules/appium-xcuitest-driver/node_modules/@appium/base-driver/lib/protocol/errors.js:1085:25)
    at ProxyRequestError.getActualError (/Users/icebergslim/projects/voyager-RN/automation/node_modules/appium-xcuitest-driver/node_modules/@appium/base-driver/lib/protocol/errors.js:954:14)
    at JWProxy.command (/Users/icebergslim/projects/voyager-RN/automation/node_modules/appium-xcuitest-driver/node_modules/@appium/base-driver/lib/jsonwp-proxy/proxy.js:353:19)
    at processTicksAndRejections (node:internal/process/task_queues:95:5)
2025-11-01 19:35:01:097 [8e46be55][HTTP] <-- POST /session/8e46be55-45aa-47a5-b5b5-88f8289e26ab/touch/perform 500 591 ms - 1116 
2025-11-01 19:35:01:202 [8e46be55][HTTP] --> POST /session/8e46be55-45aa-47a5-b5b5-88f8289e26ab/touch/perform {"actions":[{"action":"tap","options":{"x":10,"y":10}}]}
2025-11-01 19:35:01:205 [8e46be55][XCUITestDriver@4740] Calling AppiumDriver.performTouch() with args: [[{"action":"tap","options":{"x":10,"y":10}}],"8e46be55-45aa-47a5-b5b5-88f8289e26ab"]
2025-11-01 19:35:01:206 [8e46be55][XCUITestDriver@4740] Executing command 'performTouch'
2025-11-01 19:35:01:206 [8e46be55][XCUITestDriver@4740] Received the following touch action: tap(options={"x":10,"y":10})
2025-11-01 19:35:01:206 [8e46be55][XCUITestDriver@4740] Setting custom timeout to 30000 ms for 'performTouch' command
2025-11-01 19:35:01:207 [8e46be55][XCUITestDriver@4740] Proxying [POST /wda/touch/perform] to [POST http://127.0.0.1:8100/session/E557D0CC-B359-4744-853B-0B3005B05F52/wda/touch/perform] with body: {"actions":[{"action":"tap","options":{"x":10,"y":10}}]}
2025-11-01 19:35:01:676 [8e46be55][XCUITestDriver@4740] Got response with status 500: {"value":{"error":"unknown error","message":"-[XCUIApplicationProcess waitForQuiescenceIncludingAnimationsIdle:]: unrecognized selector sent to instance 0x600002c66b00","traceback":"(\n\t0   CoreFoundation                      0x00000001804f39e8 __exceptionPreprocess + 172\n\t1   libobjc.A.dylib                     0x000000018009c084 objc_exception_throw + 72\n\t2   CoreFoundation                      0x00000001805092a8 +[NSObject(NSObject) instanceMethodSignatureForSelector:] + 0\n\t3   CoreFoundation                      0x00000001804f7cb8 ___forwarding___ + 1196\n\t4   CoreFoundation                      0x00000001804fa1fc _CF_forwarding_prep_0 + 92\n\t5   WebDriverAgentLib                   0x000000010a854d30 -[XCUIElement(FBUtilities) fb_waitUntilStableWithTimeout:] + 312\n\t6   WebDriverAgentLib                   0x000000010a80fc7c -[XCUIApplication(FBTouchAction) fb_performAppiumTouchActions:elementCache:error:] + 192\n\t7   WebDriverAgentLib                   0x000000010a84ccd4 +[FBTouchActionComma...
2025-11-01 19:35:01:677 [8e46be55][W3C] Matched W3C error code 'unknown error' to UnknownError
2025-11-01 19:35:01:677 [8e46be55][XCUITestDriver@4740] Encountered internal error running command: UnknownError: An unknown server-side error occurred while processing the command. Original error: -[XCUIApplicationProcess waitForQuiescenceIncludingAnimationsIdle:]: unrecognized selector sent to instance 0x600002c66b00
    at errorFromW3CJsonCode (/Users/icebergslim/projects/voyager-RN/automation/node_modules/appium-xcuitest-driver/node_modules/@appium/base-driver/lib/protocol/errors.js:1085:25)
    at ProxyRequestError.getActualError (/Users/icebergslim/projects/voyager-RN/automation/node_modules/appium-xcuitest-driver/node_modules/@appium/base-driver/lib/protocol/errors.js:954:14)
    at JWProxy.command (/Users/icebergslim/projects/voyager-RN/automation/node_modules/appium-xcuitest-driver/node_modules/@appium/base-driver/lib/jsonwp-proxy/proxy.js:353:19)
    at processTicksAndRejections (node:internal/process/task_queues:95:5)
2025-11-01 19:35:01:678 [8e46be55][HTTP] <-- POST /session/8e46be55-45aa-47a5-b5b5-88f8289e26ab/touch/perform 500 475 ms - 1116 
2025-11-01 19:35:01:783 [8e46be55][HTTP] --> POST /session/8e46be55-45aa-47a5-b5b5-88f8289e26ab/touch/perform {"actions":[{"action":"tap","options":{"x":10,"y":10}}]}
2025-11-01 19:35:01:784 [8e46be55][XCUITestDriver@4740] Calling AppiumDriver.performTouch() with args: [[{"action":"tap","options":{"x":10,"y":10}}],"8e46be55-45aa-47a5-b5b5-88f8289e26ab"]
2025-11-01 19:35:01:784 [8e46be55][XCUITestDriver@4740] Executing command 'performTouch'
2025-11-01 19:35:01:785 [8e46be55][XCUITestDriver@4740] Received the following touch action: tap(options={"x":10,"y":10})
2025-11-01 19:35:01:785 [8e46be55][XCUITestDriver@4740] Setting custom timeout to 30000 ms for 'performTouch' command
2025-11-01 19:35:01:787 [8e46be55][XCUITestDriver@4740] Proxying [POST /wda/touch/perform] to [POST http://127.0.0.1:8100/session/E557D0CC-B359-4744-853B-0B3005B05F52/wda/touch/perform] with body: {"actions":[{"action":"tap","options":{"x":10,"y":10}}]}
2025-11-01 19:35:02:256 [8e46be55][XCUITestDriver@4740] Got response with status 500: {"value":{"error":"unknown error","message":"-[XCUIApplicationProcess waitForQuiescenceIncludingAnimationsIdle:]: unrecognized selector sent to instance 0x600002c66b00","traceback":"(\n\t0   CoreFoundation                      0x00000001804f39e8 __exceptionPreprocess + 172\n\t1   libobjc.A.dylib                     0x000000018009c084 objc_exception_throw + 72\n\t2   CoreFoundation                      0x00000001805092a8 +[NSObject(NSObject) instanceMethodSignatureForSelector:] + 0\n\t3   CoreFoundation                      0x00000001804f7cb8 ___forwarding___ + 1196\n\t4   CoreFoundation                      0x00000001804fa1fc _CF_forwarding_prep_0 + 92\n\t5   WebDriverAgentLib                   0x000000010a854d30 -[XCUIElement(FBUtilities) fb_waitUntilStableWithTimeout:] + 312\n\t6   WebDriverAgentLib                   0x000000010a80fc7c -[XCUIApplication(FBTouchAction) fb_performAppiumTouchActions:elementCache:error:] + 192\n\t7   WebDriverAgentLib                   0x000000010a84ccd4 +[FBTouchActionComma...
2025-11-01 19:35:02:256 [8e46be55][W3C] Matched W3C error code 'unknown error' to UnknownError
2025-11-01 19:35:02:258 [8e46be55][XCUITestDriver@4740] Encountered internal error running command: UnknownError: An unknown server-side error occurred while processing the command. Original error: -[XCUIApplicationProcess waitForQuiescenceIncludingAnimationsIdle:]: unrecognized selector sent to instance 0x600002c66b00
    at errorFromW3CJsonCode (/Users/icebergslim/projects/voyager-RN/automation/node_modules/appium-xcuitest-driver/node_modules/@appium/base-driver/lib/protocol/errors.js:1085:25)
    at ProxyRequestError.getActualError (/Users/icebergslim/projects/voyager-RN/automation/node_modules/appium-xcuitest-driver/node_modules/@appium/base-driver/lib/protocol/errors.js:954:14)
    at JWProxy.command (/Users/icebergslim/projects/voyager-RN/automation/node_modules/appium-xcuitest-driver/node_modules/@appium/base-driver/lib/jsonwp-proxy/proxy.js:353:19)
    at processTicksAndRejections (node:internal/process/task_queues:95:5)
2025-11-01 19:35:02:260 [8e46be55][HTTP] <-- POST /session/8e46be55-45aa-47a5-b5b5-88f8289e26ab/touch/perform 500 476 ms - 1116 
2025-11-01 19:35:02:369 [8e46be55][HTTP] --> POST /session/8e46be55-45aa-47a5-b5b5-88f8289e26ab/touch/perform {"actions":[{"action":"tap","options":{"x":10,"y":10}}]}
2025-11-01 19:35:02:370 [8e46be55][XCUITestDriver@4740] Calling AppiumDriver.performTouch() with args: [[{"action":"tap","options":{"x":10,"y":10}}],"8e46be55-45aa-47a5-b5b5-88f8289e26ab"]
2025-11-01 19:35:02:370 [8e46be55][XCUITestDriver@4740] Executing command 'performTouch'
2025-11-01 19:35:02:370 [8e46be55][XCUITestDriver@4740] Received the following touch action: tap(options={"x":10,"y":10})
2025-11-01 19:35:02:370 [8e46be55][XCUITestDriver@4740] Setting custom timeout to 30000 ms for 'performTouch' command
2025-11-01 19:35:02:373 [8e46be55][XCUITestDriver@4740] Proxying [POST /wda/touch/perform] to [POST http://127.0.0.1:8100/session/E557D0CC-B359-4744-853B-0B3005B05F52/wda/touch/perform] with body: {"actions":[{"action":"tap","options":{"x":10,"y":10}}]}
2025-11-01 19:35:02:840 [8e46be55][XCUITestDriver@4740] Got response with status 500: {"value":{"error":"unknown error","message":"-[XCUIApplicationProcess waitForQuiescenceIncludingAnimationsIdle:]: unrecognized selector sent to instance 0x600002c66b00","traceback":"(\n\t0   CoreFoundation                      0x00000001804f39e8 __exceptionPreprocess + 172\n\t1   libobjc.A.dylib                     0x000000018009c084 objc_exception_throw + 72\n\t2   CoreFoundation                      0x00000001805092a8 +[NSObject(NSObject) instanceMethodSignatureForSelector:] + 0\n\t3   CoreFoundation                      0x00000001804f7cb8 ___forwarding___ + 1196\n\t4   CoreFoundation                      0x00000001804fa1fc _CF_forwarding_prep_0 + 92\n\t5   WebDriverAgentLib                   0x000000010a854d30 -[XCUIElement(FBUtilities) fb_waitUntilStableWithTimeout:] + 312\n\t6   WebDriverAgentLib                   0x000000010a80fc7c -[XCUIApplication(FBTouchAction) fb_performAppiumTouchActions:elementCache:error:] + 192\n\t7   WebDriverAgentLib                   0x000000010a84ccd4 +[FBTouchActionComma...
2025-11-01 19:35:02:840 [8e46be55][W3C] Matched W3C error code 'unknown error' to UnknownError
2025-11-01 19:35:02:841 [8e46be55][XCUITestDriver@4740] Encountered internal error running command: UnknownError: An unknown server-side error occurred while processing the command. Original error: -[XCUIApplicationProcess waitForQuiescenceIncludingAnimationsIdle:]: unrecognized selector sent to instance 0x600002c66b00
    at errorFromW3CJsonCode (/Users/icebergslim/projects/voyager-RN/automation/node_modules/appium-xcuitest-driver/node_modules/@appium/base-driver/lib/protocol/errors.js:1085:25)
    at ProxyRequestError.getActualError (/Users/icebergslim/projects/voyager-RN/automation/node_modules/appium-xcuitest-driver/node_modules/@appium/base-driver/lib/protocol/errors.js:954:14)
    at JWProxy.command (/Users/icebergslim/projects/voyager-RN/automation/node_modules/appium-xcuitest-driver/node_modules/@appium/base-driver/lib/jsonwp-proxy/proxy.js:353:19)
    at processTicksAndRejections (node:internal/process/task_queues:95:5)
2025-11-01 19:35:02:842 [8e46be55][HTTP] <-- POST /session/8e46be55-45aa-47a5-b5b5-88f8289e26ab/touch/perform 500 473 ms - 1116 
2025-11-01 19:35:02:846 [8e46be55][HTTP] --> POST /session/8e46be55-45aa-47a5-b5b5-88f8289e26ab/touch/perform {"actions":[{"action":"tap","options":{"x":10,"y":10}}]}
2025-11-01 19:35:02:846 [8e46be55][XCUITestDriver@4740] Calling AppiumDriver.performTouch() with args: [[{"action":"tap","options":{"x":10,"y":10}}],"8e46be55-45aa-47a5-b5b5-88f8289e26ab"]
2025-11-01 19:35:02:846 [8e46be55][XCUITestDriver@4740] Executing command 'performTouch'
2025-11-01 19:35:02:846 [8e46be55][XCUITestDriver@4740] Received the following touch action: tap(options={"x":10,"y":10})
2025-11-01 19:35:02:846 [8e46be55][XCUITestDriver@4740] Setting custom timeout to 30000 ms for 'performTouch' command
2025-11-01 19:35:02:848 [8e46be55][XCUITestDriver@4740] Proxying [POST /wda/touch/perform] to [POST http://127.0.0.1:8100/session/E557D0CC-B359-4744-853B-0B3005B05F52/wda/touch/perform] with body: {"actions":[{"action":"tap","options":{"x":10,"y":10}}]}
2025-11-01 19:35:03:317 [8e46be55][XCUITestDriver@4740] Got response with status 500: {"value":{"error":"unknown error","message":"-[XCUIApplicationProcess waitForQuiescenceIncludingAnimationsIdle:]: unrecognized selector sent to instance 0x600002c66b00","traceback":"(\n\t0   CoreFoundation                      0x00000001804f39e8 __exceptionPreprocess + 172\n\t1   libobjc.A.dylib                     0x000000018009c084 objc_exception_throw + 72\n\t2   CoreFoundation                      0x00000001805092a8 +[NSObject(NSObject) instanceMethodSignatureForSelector:] + 0\n\t3   CoreFoundation                      0x00000001804f7cb8 ___forwarding___ + 1196\n\t4   CoreFoundation                      0x00000001804fa1fc _CF_forwarding_prep_0 + 92\n\t5   WebDriverAgentLib                   0x000000010a854d30 -[XCUIElement(FBUtilities) fb_waitUntilStableWithTimeout:] + 312\n\t6   WebDriverAgentLib                   0x000000010a80fc7c -[XCUIApplication(FBTouchAction) fb_performAppiumTouchActions:elementCache:error:] + 192\n\t7   WebDriverAgentLib                   0x000000010a84ccd4 +[FBTouchActionComma...
2025-11-01 19:35:03:318 [8e46be55][W3C] Matched W3C error code 'unknown error' to UnknownError
2025-11-01 19:35:03:319 [8e46be55][XCUITestDriver@4740] Encountered internal error running command: UnknownError: An unknown server-side error occurred while processing the command. Original error: -[XCUIApplicationProcess waitForQuiescenceIncludingAnimationsIdle:]: unrecognized selector sent to instance 0x600002c66b00
    at errorFromW3CJsonCode (/Users/icebergslim/projects/voyager-RN/automation/node_modules/appium-xcuitest-driver/node_modules/@appium/base-driver/lib/protocol/errors.js:1085:25)
    at ProxyRequestError.getActualError (/Users/icebergslim/projects/voyager-RN/automation/node_modules/appium-xcuitest-driver/node_modules/@appium/base-driver/lib/protocol/errors.js:954:14)
    at JWProxy.command (/Users/icebergslim/projects/voyager-RN/automation/node_modules/appium-xcuitest-driver/node_modules/@appium/base-driver/lib/jsonwp-proxy/proxy.js:353:19)
    at processTicksAndRejections (node:internal/process/task_queues:95:5)
2025-11-01 19:35:03:321 [8e46be55][HTTP] <-- POST /session/8e46be55-45aa-47a5-b5b5-88f8289e26ab/touch/perform 500 474 ms - 1116 
2025-11-01 19:35:03:426 [8e46be55][HTTP] --> POST /session/8e46be55-45aa-47a5-b5b5-88f8289e26ab/touch/perform {"actions":[{"action":"tap","options":{"x":10,"y":10}}]}
2025-11-01 19:35:03:427 [8e46be55][XCUITestDriver@4740] Calling AppiumDriver.performTouch() with args: [[{"action":"tap","options":{"x":10,"y":10}}],"8e46be55-45aa-47a5-b5b5-88f8289e26ab"]
2025-11-01 19:35:03:427 [8e46be55][XCUITestDriver@4740] Executing command 'performTouch'
2025-11-01 19:35:03:428 [8e46be55][XCUITestDriver@4740] Received the following touch action: tap(options={"x":10,"y":10})
2025-11-01 19:35:03:428 [8e46be55][XCUITestDriver@4740] Setting custom timeout to 30000 ms for 'performTouch' command
2025-11-01 19:35:03:430 [8e46be55][XCUITestDriver@4740] Proxying [POST /wda/touch/perform] to [POST http://127.0.0.1:8100/session/E557D0CC-B359-4744-853B-0B3005B05F52/wda/touch/perform] with body: {"actions":[{"action":"tap","options":{"x":10,"y":10}}]}
2025-11-01 19:35:03:898 [8e46be55][XCUITestDriver@4740] Got response with status 500: {"value":{"error":"unknown error","message":"-[XCUIApplicationProcess waitForQuiescenceIncludingAnimationsIdle:]: unrecognized selector sent to instance 0x600002c66b00","traceback":"(\n\t0   CoreFoundation                      0x00000001804f39e8 __exceptionPreprocess + 172\n\t1   libobjc.A.dylib                     0x000000018009c084 objc_exception_throw + 72\n\t2   CoreFoundation                      0x00000001805092a8 +[NSObject(NSObject) instanceMethodSignatureForSelector:] + 0\n\t3   CoreFoundation                      0x00000001804f7cb8 ___forwarding___ + 1196\n\t4   CoreFoundation                      0x00000001804fa1fc _CF_forwarding_prep_0 + 92\n\t5   WebDriverAgentLib                   0x000000010a854d30 -[XCUIElement(FBUtilities) fb_waitUntilStableWithTimeout:] + 312\n\t6   WebDriverAgentLib                   0x000000010a80fc7c -[XCUIApplication(FBTouchAction) fb_performAppiumTouchActions:elementCache:error:] + 192\n\t7   WebDriverAgentLib                   0x000000010a84ccd4 +[FBTouchActionComma...
2025-11-01 19:35:03:899 [8e46be55][W3C] Matched W3C error code 'unknown error' to UnknownError
2025-11-01 19:35:03:900 [8e46be55][XCUITestDriver@4740] Encountered internal error running command: UnknownError: An unknown server-side error occurred while processing the command. Original error: -[XCUIApplicationProcess waitForQuiescenceIncludingAnimationsIdle:]: unrecognized selector sent to instance 0x600002c66b00
    at errorFromW3CJsonCode (/Users/icebergslim/projects/voyager-RN/automation/node_modules/appium-xcuitest-driver/node_modules/@appium/base-driver/lib/protocol/errors.js:1085:25)
    at ProxyRequestError.getActualError (/Users/icebergslim/projects/voyager-RN/automation/node_modules/appium-xcuitest-driver/node_modules/@appium/base-driver/lib/protocol/errors.js:954:14)
    at JWProxy.command (/Users/icebergslim/projects/voyager-RN/automation/node_modules/appium-xcuitest-driver/node_modules/@appium/base-driver/lib/jsonwp-proxy/proxy.js:353:19)
    at processTicksAndRejections (node:internal/process/task_queues:95:5)
2025-11-01 19:35:03:901 [8e46be55][HTTP] <-- POST /session/8e46be55-45aa-47a5-b5b5-88f8289e26ab/touch/perform 500 475 ms - 1116 
2025-11-01 19:35:04:007 [8e46be55][HTTP] --> POST /session/8e46be55-45aa-47a5-b5b5-88f8289e26ab/touch/perform {"actions":[{"action":"tap","options":{"x":10,"y":10}}]}
2025-11-01 19:35:04:007 [8e46be55][XCUITestDriver@4740] Calling AppiumDriver.performTouch() with args: [[{"action":"tap","options":{"x":10,"y":10}}],"8e46be55-45aa-47a5-b5b5-88f8289e26ab"]
2025-11-01 19:35:04:007 [8e46be55][XCUITestDriver@4740] Executing command 'performTouch'
2025-11-01 19:35:04:008 [8e46be55][XCUITestDriver@4740] Received the following touch action: tap(options={"x":10,"y":10})
2025-11-01 19:35:04:008 [8e46be55][XCUITestDriver@4740] Setting custom timeout to 30000 ms for 'performTouch' command
2025-11-01 19:35:04:009 [8e46be55][XCUITestDriver@4740] Proxying [POST /wda/touch/perform] to [POST http://127.0.0.1:8100/session/E557D0CC-B359-4744-853B-0B3005B05F52/wda/touch/perform] with body: {"actions":[{"action":"tap","options":{"x":10,"y":10}}]}
2025-11-01 19:35:04:468 [8e46be55][XCUITestDriver@4740] Got response with status 500: {"value":{"error":"unknown error","message":"-[XCUIApplicationProcess waitForQuiescenceIncludingAnimationsIdle:]: unrecognized selector sent to instance 0x600002c66b00","traceback":"(\n\t0   CoreFoundation                      0x00000001804f39e8 __exceptionPreprocess + 172\n\t1   libobjc.A.dylib                     0x000000018009c084 objc_exception_throw + 72\n\t2   CoreFoundation                      0x00000001805092a8 +[NSObject(NSObject) instanceMethodSignatureForSelector:] + 0\n\t3   CoreFoundation                      0x00000001804f7cb8 ___forwarding___ + 1196\n\t4   CoreFoundation                      0x00000001804fa1fc _CF_forwarding_prep_0 + 92\n\t5   WebDriverAgentLib                   0x000000010a854d30 -[XCUIElement(FBUtilities) fb_waitUntilStableWithTimeout:] + 312\n\t6   WebDriverAgentLib                   0x000000010a80fc7c -[XCUIApplication(FBTouchAction) fb_performAppiumTouchActions:elementCache:error:] + 192\n\t7   WebDriverAgentLib                   0x000000010a84ccd4 +[FBTouchActionComma...
2025-11-01 19:35:04:468 [8e46be55][W3C] Matched W3C error code 'unknown error' to UnknownError
2025-11-01 19:35:04:470 [8e46be55][XCUITestDriver@4740] Encountered internal error running command: UnknownError: An unknown server-side error occurred while processing the command. Original error: -[XCUIApplicationProcess waitForQuiescenceIncludingAnimationsIdle:]: unrecognized selector sent to instance 0x600002c66b00
    at errorFromW3CJsonCode (/Users/icebergslim/projects/voyager-RN/automation/node_modules/appium-xcuitest-driver/node_modules/@appium/base-driver/lib/protocol/errors.js:1085:25)
    at ProxyRequestError.getActualError (/Users/icebergslim/projects/voyager-RN/automation/node_modules/appium-xcuitest-driver/node_modules/@appium/base-driver/lib/protocol/errors.js:954:14)
    at JWProxy.command (/Users/icebergslim/projects/voyager-RN/automation/node_modules/appium-xcuitest-driver/node_modules/@appium/base-driver/lib/jsonwp-proxy/proxy.js:353:19)
    at processTicksAndRejections (node:internal/process/task_queues:95:5)
2025-11-01 19:35:04:471 [8e46be55][HTTP] <-- POST /session/8e46be55-45aa-47a5-b5b5-88f8289e26ab/touch/perform 500 464 ms - 1116 
2025-11-01 19:35:04:577 [8e46be55][HTTP] --> POST /session/8e46be55-45aa-47a5-b5b5-88f8289e26ab/touch/perform {"actions":[{"action":"tap","options":{"x":10,"y":10}}]}
2025-11-01 19:35:04:578 [8e46be55][XCUITestDriver@4740] Calling AppiumDriver.performTouch() with args: [[{"action":"tap","options":{"x":10,"y":10}}],"8e46be55-45aa-47a5-b5b5-88f8289e26ab"]
2025-11-01 19:35:04:578 [8e46be55][XCUITestDriver@4740] Executing command 'performTouch'
2025-11-01 19:35:04:579 [8e46be55][XCUITestDriver@4740] Received the following touch action: tap(options={"x":10,"y":10})
2025-11-01 19:35:04:579 [8e46be55][XCUITestDriver@4740] Setting custom timeout to 30000 ms for 'performTouch' command
2025-11-01 19:35:04:582 [8e46be55][XCUITestDriver@4740] Proxying [POST /wda/touch/perform] to [POST http://127.0.0.1:8100/session/E557D0CC-B359-4744-853B-0B3005B05F52/wda/touch/perform] with body: {"actions":[{"action":"tap","options":{"x":10,"y":10}}]}
2025-11-01 19:35:05:054 [8e46be55][XCUITestDriver@4740] Got response with status 500: {"value":{"error":"unknown error","message":"-[XCUIApplicationProcess waitForQuiescenceIncludingAnimationsIdle:]: unrecognized selector sent to instance 0x600002c66b00","traceback":"(\n\t0   CoreFoundation                      0x00000001804f39e8 __exceptionPreprocess + 172\n\t1   libobjc.A.dylib                     0x000000018009c084 objc_exception_throw + 72\n\t2   CoreFoundation                      0x00000001805092a8 +[NSObject(NSObject) instanceMethodSignatureForSelector:] + 0\n\t3   CoreFoundation                      0x00000001804f7cb8 ___forwarding___ + 1196\n\t4   CoreFoundation                      0x00000001804fa1fc _CF_forwarding_prep_0 + 92\n\t5   WebDriverAgentLib                   0x000000010a854d30 -[XCUIElement(FBUtilities) fb_waitUntilStableWithTimeout:] + 312\n\t6   WebDriverAgentLib                   0x000000010a80fc7c -[XCUIApplication(FBTouchAction) fb_performAppiumTouchActions:elementCache:error:] + 192\n\t7   WebDriverAgentLib                   0x000000010a84ccd4 +[FBTouchActionComma...
2025-11-01 19:35:05:055 [8e46be55][W3C] Matched W3C error code 'unknown error' to UnknownError
2025-11-01 19:35:05:057 [8e46be55][XCUITestDriver@4740] Encountered internal error running command: UnknownError: An unknown server-side error occurred while processing the command. Original error: -[XCUIApplicationProcess waitForQuiescenceIncludingAnimationsIdle:]: unrecognized selector sent to instance 0x600002c66b00
    at errorFromW3CJsonCode (/Users/icebergslim/projects/voyager-RN/automation/node_modules/appium-xcuitest-driver/node_modules/@appium/base-driver/lib/protocol/errors.js:1085:25)
    at ProxyRequestError.getActualError (/Users/icebergslim/projects/voyager-RN/automation/node_modules/appium-xcuitest-driver/node_modules/@appium/base-driver/lib/protocol/errors.js:954:14)
    at JWProxy.command (/Users/icebergslim/projects/voyager-RN/automation/node_modules/appium-xcuitest-driver/node_modules/@appium/base-driver/lib/jsonwp-proxy/proxy.js:353:19)
    at processTicksAndRejections (node:internal/process/task_queues:95:5)
2025-11-01 19:35:05:059 [8e46be55][HTTP] <-- POST /session/8e46be55-45aa-47a5-b5b5-88f8289e26ab/touch/perform 500 481 ms - 1116 
2025-11-01 19:35:05:065 [8e46be55][HTTP] --> POST /session/8e46be55-45aa-47a5-b5b5-88f8289e26ab/touch/perform {"actions":[{"action":"tap","options":{"x":10,"y":10}}]}
2025-11-01 19:35:05:066 [8e46be55][XCUITestDriver@4740] Calling AppiumDriver.performTouch() with args: [[{"action":"tap","options":{"x":10,"y":10}}],"8e46be55-45aa-47a5-b5b5-88f8289e26ab"]
2025-11-01 19:35:05:066 [8e46be55][XCUITestDriver@4740] Executing command 'performTouch'
2025-11-01 19:35:05:066 [8e46be55][XCUITestDriver@4740] Received the following touch action: tap(options={"x":10,"y":10})
2025-11-01 19:35:05:067 [8e46be55][XCUITestDriver@4740] Setting custom timeout to 30000 ms for 'performTouch' command
2025-11-01 19:35:05:069 [8e46be55][XCUITestDriver@4740] Proxying [POST /wda/touch/perform] to [POST http://127.0.0.1:8100/session/E557D0CC-B359-4744-853B-0B3005B05F52/wda/touch/perform] with body: {"actions":[{"action":"tap","options":{"x":10,"y":10}}]}
2025-11-01 19:35:05:543 [8e46be55][XCUITestDriver@4740] Got response with status 500: {"value":{"error":"unknown error","message":"-[XCUIApplicationProcess waitForQuiescenceIncludingAnimationsIdle:]: unrecognized selector sent to instance 0x600002c66b00","traceback":"(\n\t0   CoreFoundation                      0x00000001804f39e8 __exceptionPreprocess + 172\n\t1   libobjc.A.dylib                     0x000000018009c084 objc_exception_throw + 72\n\t2   CoreFoundation                      0x00000001805092a8 +[NSObject(NSObject) instanceMethodSignatureForSelector:] + 0\n\t3   CoreFoundation                      0x00000001804f7cb8 ___forwarding___ + 1196\n\t4   CoreFoundation                      0x00000001804fa1fc _CF_forwarding_prep_0 + 92\n\t5   WebDriverAgentLib                   0x000000010a854d30 -[XCUIElement(FBUtilities) fb_waitUntilStableWithTimeout:] + 312\n\t6   WebDriverAgentLib                   0x000000010a80fc7c -[XCUIApplication(FBTouchAction) fb_performAppiumTouchActions:elementCache:error:] + 192\n\t7   WebDriverAgentLib                   0x000000010a84ccd4 +[FBTouchActionComma...
2025-11-01 19:35:05:543 [8e46be55][W3C] Matched W3C error code 'unknown error' to UnknownError
2025-11-01 19:35:05:544 [8e46be55][XCUITestDriver@4740] Encountered internal error running command: UnknownError: An unknown server-side error occurred while processing the command. Original error: -[XCUIApplicationProcess waitForQuiescenceIncludingAnimationsIdle:]: unrecognized selector sent to instance 0x600002c66b00
    at errorFromW3CJsonCode (/Users/icebergslim/projects/voyager-RN/automation/node_modules/appium-xcuitest-driver/node_modules/@appium/base-driver/lib/protocol/errors.js:1085:25)
    at ProxyRequestError.getActualError (/Users/icebergslim/projects/voyager-RN/automation/node_modules/appium-xcuitest-driver/node_modules/@appium/base-driver/lib/protocol/errors.js:954:14)
    at JWProxy.command (/Users/icebergslim/projects/voyager-RN/automation/node_modules/appium-xcuitest-driver/node_modules/@appium/base-driver/lib/jsonwp-proxy/proxy.js:353:19)
    at processTicksAndRejections (node:internal/process/task_queues:95:5)
2025-11-01 19:35:05:545 [8e46be55][HTTP] <-- POST /session/8e46be55-45aa-47a5-b5b5-88f8289e26ab/touch/perform 500 480 ms - 1116 
2025-11-01 19:35:05:652 [8e46be55][HTTP] --> POST /session/8e46be55-45aa-47a5-b5b5-88f8289e26ab/touch/perform {"actions":[{"action":"tap","options":{"x":10,"y":10}}]}
2025-11-01 19:35:05:653 [8e46be55][XCUITestDriver@4740] Calling AppiumDriver.performTouch() with args: [[{"action":"tap","options":{"x":10,"y":10}}],"8e46be55-45aa-47a5-b5b5-88f8289e26ab"]
2025-11-01 19:35:05:653 [8e46be55][XCUITestDriver@4740] Executing command 'performTouch'
2025-11-01 19:35:05:653 [8e46be55][XCUITestDriver@4740] Received the following touch action: tap(options={"x":10,"y":10})
2025-11-01 19:35:05:653 [8e46be55][XCUITestDriver@4740] Setting custom timeout to 30000 ms for 'performTouch' command
2025-11-01 19:35:05:656 [8e46be55][XCUITestDriver@4740] Proxying [POST /wda/touch/perform] to [POST http://127.0.0.1:8100/session/E557D0CC-B359-4744-853B-0B3005B05F52/wda/touch/perform] with body: {"actions":[{"action":"tap","options":{"x":10,"y":10}}]}
2025-11-01 19:35:06:120 [8e46be55][XCUITestDriver@4740] Got response with status 500: {"value":{"error":"unknown error","message":"-[XCUIApplicationProcess waitForQuiescenceIncludingAnimationsIdle:]: unrecognized selector sent to instance 0x600002c66b00","traceback":"(\n\t0   CoreFoundation                      0x00000001804f39e8 __exceptionPreprocess + 172\n\t1   libobjc.A.dylib                     0x000000018009c084 objc_exception_throw + 72\n\t2   CoreFoundation                      0x00000001805092a8 +[NSObject(NSObject) instanceMethodSignatureForSelector:] + 0\n\t3   CoreFoundation                      0x00000001804f7cb8 ___forwarding___ + 1196\n\t4   CoreFoundation                      0x00000001804fa1fc _CF_forwarding_prep_0 + 92\n\t5   WebDriverAgentLib                   0x000000010a854d30 -[XCUIElement(FBUtilities) fb_waitUntilStableWithTimeout:] + 312\n\t6   WebDriverAgentLib                   0x000000010a80fc7c -[XCUIApplication(FBTouchAction) fb_performAppiumTouchActions:elementCache:error:] + 192\n\t7   WebDriverAgentLib                   0x000000010a84ccd4 +[FBTouchActionComma...
2025-11-01 19:35:06:120 [8e46be55][W3C] Matched W3C error code 'unknown error' to UnknownError
2025-11-01 19:35:06:121 [8e46be55][XCUITestDriver@4740] Encountered internal error running command: UnknownError: An unknown server-side error occurred while processing the command. Original error: -[XCUIApplicationProcess waitForQuiescenceIncludingAnimationsIdle:]: unrecognized selector sent to instance 0x600002c66b00
    at errorFromW3CJsonCode (/Users/icebergslim/projects/voyager-RN/automation/node_modules/appium-xcuitest-driver/node_modules/@appium/base-driver/lib/protocol/errors.js:1085:25)
    at ProxyRequestError.getActualError (/Users/icebergslim/projects/voyager-RN/automation/node_modules/appium-xcuitest-driver/node_modules/@appium/base-driver/lib/protocol/errors.js:954:14)
    at JWProxy.command (/Users/icebergslim/projects/voyager-RN/automation/node_modules/appium-xcuitest-driver/node_modules/@appium/base-driver/lib/jsonwp-proxy/proxy.js:353:19)
    at processTicksAndRejections (node:internal/process/task_queues:95:5)
2025-11-01 19:35:06:121 [8e46be55][HTTP] <-- POST /session/8e46be55-45aa-47a5-b5b5-88f8289e26ab/touch/perform 500 470 ms - 1116 
2025-11-01 19:35:06:227 [8e46be55][HTTP] --> POST /session/8e46be55-45aa-47a5-b5b5-88f8289e26ab/touch/perform {"actions":[{"action":"tap","options":{"x":10,"y":10}}]}
2025-11-01 19:35:06:229 [8e46be55][XCUITestDriver@4740] Calling AppiumDriver.performTouch() with args: [[{"action":"tap","options":{"x":10,"y":10}}],"8e46be55-45aa-47a5-b5b5-88f8289e26ab"]
2025-11-01 19:35:06:229 [8e46be55][XCUITestDriver@4740] Executing command 'performTouch'
2025-11-01 19:35:06:229 [8e46be55][XCUITestDriver@4740] Received the following touch action: tap(options={"x":10,"y":10})
2025-11-01 19:35:06:229 [8e46be55][XCUITestDriver@4740] Setting custom timeout to 30000 ms for 'performTouch' command
2025-11-01 19:35:06:240 [8e46be55][XCUITestDriver@4740] Proxying [POST /wda/touch/perform] to [POST http://127.0.0.1:8100/session/E557D0CC-B359-4744-853B-0B3005B05F52/wda/touch/perform] with body: {"actions":[{"action":"tap","options":{"x":10,"y":10}}]}
2025-11-01 19:35:06:707 [8e46be55][XCUITestDriver@4740] Got response with status 500: {"value":{"error":"unknown error","message":"-[XCUIApplicationProcess waitForQuiescenceIncludingAnimationsIdle:]: unrecognized selector sent to instance 0x600002c66b00","traceback":"(\n\t0   CoreFoundation                      0x00000001804f39e8 __exceptionPreprocess + 172\n\t1   libobjc.A.dylib                     0x000000018009c084 objc_exception_throw + 72\n\t2   CoreFoundation                      0x00000001805092a8 +[NSObject(NSObject) instanceMethodSignatureForSelector:] + 0\n\t3   CoreFoundation                      0x00000001804f7cb8 ___forwarding___ + 1196\n\t4   CoreFoundation                      0x00000001804fa1fc _CF_forwarding_prep_0 + 92\n\t5   WebDriverAgentLib                   0x000000010a854d30 -[XCUIElement(FBUtilities) fb_waitUntilStableWithTimeout:] + 312\n\t6   WebDriverAgentLib                   0x000000010a80fc7c -[XCUIApplication(FBTouchAction) fb_performAppiumTouchActions:elementCache:error:] + 192\n\t7   WebDriverAgentLib                   0x000000010a84ccd4 +[FBTouchActionComma...
2025-11-01 19:35:06:708 [8e46be55][W3C] Matched W3C error code 'unknown error' to UnknownError
2025-11-01 19:35:06:709 [8e46be55][XCUITestDriver@4740] Encountered internal error running command: UnknownError: An unknown server-side error occurred while processing the command. Original error: -[XCUIApplicationProcess waitForQuiescenceIncludingAnimationsIdle:]: unrecognized selector sent to instance 0x600002c66b00
    at errorFromW3CJsonCode (/Users/icebergslim/projects/voyager-RN/automation/node_modules/appium-xcuitest-driver/node_modules/@appium/base-driver/lib/protocol/errors.js:1085:25)
    at ProxyRequestError.getActualError (/Users/icebergslim/projects/voyager-RN/automation/node_modules/appium-xcuitest-driver/node_modules/@appium/base-driver/lib/protocol/errors.js:954:14)
    at JWProxy.command (/Users/icebergslim/projects/voyager-RN/automation/node_modules/appium-xcuitest-driver/node_modules/@appium/base-driver/lib/jsonwp-proxy/proxy.js:353:19)
    at processTicksAndRejections (node:internal/process/task_queues:95:5)
2025-11-01 19:35:06:710 [8e46be55][HTTP] <-- POST /session/8e46be55-45aa-47a5-b5b5-88f8289e26ab/touch/perform 500 482 ms - 1116 
2025-11-01 19:35:06:817 [8e46be55][HTTP] --> POST /session/8e46be55-45aa-47a5-b5b5-88f8289e26ab/touch/perform {"actions":[{"action":"tap","options":{"x":10,"y":10}}]}
2025-11-01 19:35:06:818 [8e46be55][XCUITestDriver@4740] Calling AppiumDriver.performTouch() with args: [[{"action":"tap","options":{"x":10,"y":10}}],"8e46be55-45aa-47a5-b5b5-88f8289e26ab"]
2025-11-01 19:35:06:818 [8e46be55][XCUITestDriver@4740] Executing command 'performTouch'
2025-11-01 19:35:06:818 [8e46be55][XCUITestDriver@4740] Received the following touch action: tap(options={"x":10,"y":10})
2025-11-01 19:35:06:818 [8e46be55][XCUITestDriver@4740] Setting custom timeout to 30000 ms for 'performTouch' command
2025-11-01 19:35:06:828 [8e46be55][XCUITestDriver@4740] Proxying [POST /wda/touch/perform] to [POST http://127.0.0.1:8100/session/E557D0CC-B359-4744-853B-0B3005B05F52/wda/touch/perform] with body: {"actions":[{"action":"tap","options":{"x":10,"y":10}}]}
2025-11-01 19:35:07:295 [8e46be55][XCUITestDriver@4740] Got response with status 500: {"value":{"error":"unknown error","message":"-[XCUIApplicationProcess waitForQuiescenceIncludingAnimationsIdle:]: unrecognized selector sent to instance 0x600002c66b00","traceback":"(\n\t0   CoreFoundation                      0x00000001804f39e8 __exceptionPreprocess + 172\n\t1   libobjc.A.dylib                     0x000000018009c084 objc_exception_throw + 72\n\t2   CoreFoundation                      0x00000001805092a8 +[NSObject(NSObject) instanceMethodSignatureForSelector:] + 0\n\t3   CoreFoundation                      0x00000001804f7cb8 ___forwarding___ + 1196\n\t4   CoreFoundation                      0x00000001804fa1fc _CF_forwarding_prep_0 + 92\n\t5   WebDriverAgentLib                   0x000000010a854d30 -[XCUIElement(FBUtilities) fb_waitUntilStableWithTimeout:] + 312\n\t6   WebDriverAgentLib                   0x000000010a80fc7c -[XCUIApplication(FBTouchAction) fb_performAppiumTouchActions:elementCache:error:] + 192\n\t7   WebDriverAgentLib                   0x000000010a84ccd4 +[FBTouchActionComma...
2025-11-01 19:35:07:296 [8e46be55][W3C] Matched W3C error code 'unknown error' to UnknownError
2025-11-01 19:35:07:297 [8e46be55][XCUITestDriver@4740] Encountered internal error running command: UnknownError: An unknown server-side error occurred while processing the command. Original error: -[XCUIApplicationProcess waitForQuiescenceIncludingAnimationsIdle:]: unrecognized selector sent to instance 0x600002c66b00
    at errorFromW3CJsonCode (/Users/icebergslim/projects/voyager-RN/automation/node_modules/appium-xcuitest-driver/node_modules/@appium/base-driver/lib/protocol/errors.js:1085:25)
    at ProxyRequestError.getActualError (/Users/icebergslim/projects/voyager-RN/automation/node_modules/appium-xcuitest-driver/node_modules/@appium/base-driver/lib/protocol/errors.js:954:14)
    at JWProxy.command (/Users/icebergslim/projects/voyager-RN/automation/node_modules/appium-xcuitest-driver/node_modules/@appium/base-driver/lib/jsonwp-proxy/proxy.js:353:19)
    at processTicksAndRejections (node:internal/process/task_queues:95:5)
2025-11-01 19:35:07:298 [8e46be55][HTTP] <-- POST /session/8e46be55-45aa-47a5-b5b5-88f8289e26ab/touch/perform 500 481 ms - 1116 
2025-11-01 19:35:07:305 [8e46be55][HTTP] --> POST /session/8e46be55-45aa-47a5-b5b5-88f8289e26ab/touch/perform {"actions":[{"action":"tap","options":{"x":10,"y":10}}]}
2025-11-01 19:35:07:306 [8e46be55][XCUITestDriver@4740] Calling AppiumDriver.performTouch() with args: [[{"action":"tap","options":{"x":10,"y":10}}],"8e46be55-45aa-47a5-b5b5-88f8289e26ab"]
2025-11-01 19:35:07:306 [8e46be55][XCUITestDriver@4740] Executing command 'performTouch'
2025-11-01 19:35:07:306 [8e46be55][XCUITestDriver@4740] Received the following touch action: tap(options={"x":10,"y":10})
2025-11-01 19:35:07:306 [8e46be55][XCUITestDriver@4740] Setting custom timeout to 30000 ms for 'performTouch' command
2025-11-01 19:35:07:310 [8e46be55][XCUITestDriver@4740] Proxying [POST /wda/touch/perform] to [POST http://127.0.0.1:8100/session/E557D0CC-B359-4744-853B-0B3005B05F52/wda/touch/perform] with body: {"actions":[{"action":"tap","options":{"x":10,"y":10}}]}
2025-11-01 19:35:07:783 [8e46be55][XCUITestDriver@4740] Got response with status 500: {"value":{"error":"unknown error","message":"-[XCUIApplicationProcess waitForQuiescenceIncludingAnimationsIdle:]: unrecognized selector sent to instance 0x600002c66b00","traceback":"(\n\t0   CoreFoundation                      0x00000001804f39e8 __exceptionPreprocess + 172\n\t1   libobjc.A.dylib                     0x000000018009c084 objc_exception_throw + 72\n\t2   CoreFoundation                      0x00000001805092a8 +[NSObject(NSObject) instanceMethodSignatureForSelector:] + 0\n\t3   CoreFoundation                      0x00000001804f7cb8 ___forwarding___ + 1196\n\t4   CoreFoundation                      0x00000001804fa1fc _CF_forwarding_prep_0 + 92\n\t5   WebDriverAgentLib                   0x000000010a854d30 -[XCUIElement(FBUtilities) fb_waitUntilStableWithTimeout:] + 312\n\t6   WebDriverAgentLib                   0x000000010a80fc7c -[XCUIApplication(FBTouchAction) fb_performAppiumTouchActions:elementCache:error:] + 192\n\t7   WebDriverAgentLib                   0x000000010a84ccd4 +[FBTouchActionComma...
2025-11-01 19:35:07:784 [8e46be55][W3C] Matched W3C error code 'unknown error' to UnknownError
2025-11-01 19:35:07:785 [8e46be55][XCUITestDriver@4740] Encountered internal error running command: UnknownError: An unknown server-side error occurred while processing the command. Original error: -[XCUIApplicationProcess waitForQuiescenceIncludingAnimationsIdle:]: unrecognized selector sent to instance 0x600002c66b00
    at errorFromW3CJsonCode (/Users/icebergslim/projects/voyager-RN/automation/node_modules/appium-xcuitest-driver/node_modules/@appium/base-driver/lib/protocol/errors.js:1085:25)
    at ProxyRequestError.getActualError (/Users/icebergslim/projects/voyager-RN/automation/node_modules/appium-xcuitest-driver/node_modules/@appium/base-driver/lib/protocol/errors.js:954:14)
    at JWProxy.command (/Users/icebergslim/projects/voyager-RN/automation/node_modules/appium-xcuitest-driver/node_modules/@appium/base-driver/lib/jsonwp-proxy/proxy.js:353:19)
    at processTicksAndRejections (node:internal/process/task_queues:95:5)
2025-11-01 19:35:07:787 [8e46be55][HTTP] <-- POST /session/8e46be55-45aa-47a5-b5b5-88f8289e26ab/touch/perform 500 481 ms - 1116 
2025-11-01 19:35:07:892 [8e46be55][HTTP] --> POST /session/8e46be55-45aa-47a5-b5b5-88f8289e26ab/touch/perform {"actions":[{"action":"tap","options":{"x":10,"y":10}}]}
2025-11-01 19:35:07:893 [8e46be55][XCUITestDriver@4740] Calling AppiumDriver.performTouch() with args: [[{"action":"tap","options":{"x":10,"y":10}}],"8e46be55-45aa-47a5-b5b5-88f8289e26ab"]
2025-11-01 19:35:07:893 [8e46be55][XCUITestDriver@4740] Executing command 'performTouch'
2025-11-01 19:35:07:894 [8e46be55][XCUITestDriver@4740] Received the following touch action: tap(options={"x":10,"y":10})
2025-11-01 19:35:07:894 [8e46be55][XCUITestDriver@4740] Setting custom timeout to 30000 ms for 'performTouch' command
2025-11-01 19:35:07:896 [8e46be55][XCUITestDriver@4740] Proxying [POST /wda/touch/perform] to [POST http://127.0.0.1:8100/session/E557D0CC-B359-4744-853B-0B3005B05F52/wda/touch/perform] with body: {"actions":[{"action":"tap","options":{"x":10,"y":10}}]}
2025-11-01 19:35:08:372 [8e46be55][XCUITestDriver@4740] Got response with status 500: {"value":{"error":"unknown error","message":"-[XCUIApplicationProcess waitForQuiescenceIncludingAnimationsIdle:]: unrecognized selector sent to instance 0x600002c66b00","traceback":"(\n\t0   CoreFoundation                      0x00000001804f39e8 __exceptionPreprocess + 172\n\t1   libobjc.A.dylib                     0x000000018009c084 objc_exception_throw + 72\n\t2   CoreFoundation                      0x00000001805092a8 +[NSObject(NSObject) instanceMethodSignatureForSelector:] + 0\n\t3   CoreFoundation                      0x00000001804f7cb8 ___forwarding___ + 1196\n\t4   CoreFoundation                      0x00000001804fa1fc _CF_forwarding_prep_0 + 92\n\t5   WebDriverAgentLib                   0x000000010a854d30 -[XCUIElement(FBUtilities) fb_waitUntilStableWithTimeout:] + 312\n\t6   WebDriverAgentLib                   0x000000010a80fc7c -[XCUIApplication(FBTouchAction) fb_performAppiumTouchActions:elementCache:error:] + 192\n\t7   WebDriverAgentLib                   0x000000010a84ccd4 +[FBTouchActionComma...
2025-11-01 19:35:08:372 [8e46be55][W3C] Matched W3C error code 'unknown error' to UnknownError
2025-11-01 19:35:08:373 [8e46be55][XCUITestDriver@4740] Encountered internal error running command: UnknownError: An unknown server-side error occurred while processing the command. Original error: -[XCUIApplicationProcess waitForQuiescenceIncludingAnimationsIdle:]: unrecognized selector sent to instance 0x600002c66b00
    at errorFromW3CJsonCode (/Users/icebergslim/projects/voyager-RN/automation/node_modules/appium-xcuitest-driver/node_modules/@appium/base-driver/lib/protocol/errors.js:1085:25)
    at ProxyRequestError.getActualError (/Users/icebergslim/projects/voyager-RN/automation/node_modules/appium-xcuitest-driver/node_modules/@appium/base-driver/lib/protocol/errors.js:954:14)
    at JWProxy.command (/Users/icebergslim/projects/voyager-RN/automation/node_modules/appium-xcuitest-driver/node_modules/@appium/base-driver/lib/jsonwp-proxy/proxy.js:353:19)
    at processTicksAndRejections (node:internal/process/task_queues:95:5)
2025-11-01 19:35:08:375 [8e46be55][HTTP] <-- POST /session/8e46be55-45aa-47a5-b5b5-88f8289e26ab/touch/perform 500 482 ms - 1116 
2025-11-01 19:35:08:480 [8e46be55][HTTP] --> POST /session/8e46be55-45aa-47a5-b5b5-88f8289e26ab/touch/perform {"actions":[{"action":"tap","options":{"x":10,"y":10}}]}
2025-11-01 19:35:08:481 [8e46be55][XCUITestDriver@4740] Calling AppiumDriver.performTouch() with args: [[{"action":"tap","options":{"x":10,"y":10}}],"8e46be55-45aa-47a5-b5b5-88f8289e26ab"]
2025-11-01 19:35:08:481 [8e46be55][XCUITestDriver@4740] Executing command 'performTouch'
2025-11-01 19:35:08:482 [8e46be55][XCUITestDriver@4740] Received the following touch action: tap(options={"x":10,"y":10})
2025-11-01 19:35:08:482 [8e46be55][XCUITestDriver@4740] Setting custom timeout to 30000 ms for 'performTouch' command
2025-11-01 19:35:08:485 [8e46be55][XCUITestDriver@4740] Proxying [POST /wda/touch/perform] to [POST http://127.0.0.1:8100/session/E557D0CC-B359-4744-853B-0B3005B05F52/wda/touch/perform] with body: {"actions":[{"action":"tap","options":{"x":10,"y":10}}]}
2025-11-01 19:35:08:952 [8e46be55][XCUITestDriver@4740] Got response with status 500: {"value":{"error":"unknown error","message":"-[XCUIApplicationProcess waitForQuiescenceIncludingAnimationsIdle:]: unrecognized selector sent to instance 0x600002c66b00","traceback":"(\n\t0   CoreFoundation                      0x00000001804f39e8 __exceptionPreprocess + 172\n\t1   libobjc.A.dylib                     0x000000018009c084 objc_exception_throw + 72\n\t2   CoreFoundation                      0x00000001805092a8 +[NSObject(NSObject) instanceMethodSignatureForSelector:] + 0\n\t3   CoreFoundation                      0x00000001804f7cb8 ___forwarding___ + 1196\n\t4   CoreFoundation                      0x00000001804fa1fc _CF_forwarding_prep_0 + 92\n\t5   WebDriverAgentLib                   0x000000010a854d30 -[XCUIElement(FBUtilities) fb_waitUntilStableWithTimeout:] + 312\n\t6   WebDriverAgentLib                   0x000000010a80fc7c -[XCUIApplication(FBTouchAction) fb_performAppiumTouchActions:elementCache:error:] + 192\n\t7   WebDriverAgentLib                   0x000000010a84ccd4 +[FBTouchActionComma...
2025-11-01 19:35:08:952 [8e46be55][W3C] Matched W3C error code 'unknown error' to UnknownError
2025-11-01 19:35:08:953 [8e46be55][XCUITestDriver@4740] Encountered internal error running command: UnknownError: An unknown server-side error occurred while processing the command. Original error: -[XCUIApplicationProcess waitForQuiescenceIncludingAnimationsIdle:]: unrecognized selector sent to instance 0x600002c66b00
    at errorFromW3CJsonCode (/Users/icebergslim/projects/voyager-RN/automation/node_modules/appium-xcuitest-driver/node_modules/@appium/base-driver/lib/protocol/errors.js:1085:25)
    at ProxyRequestError.getActualError (/Users/icebergslim/projects/voyager-RN/automation/node_modules/appium-xcuitest-driver/node_modules/@appium/base-driver/lib/protocol/errors.js:954:14)
    at JWProxy.command (/Users/icebergslim/projects/voyager-RN/automation/node_modules/appium-xcuitest-driver/node_modules/@appium/base-driver/lib/jsonwp-proxy/proxy.js:353:19)
    at processTicksAndRejections (node:internal/process/task_queues:95:5)
2025-11-01 19:35:08:954 [8e46be55][HTTP] <-- POST /session/8e46be55-45aa-47a5-b5b5-88f8289e26ab/touch/perform 500 474 ms - 1116 
2025-11-01 19:35:09:058 [8e46be55][HTTP] --> POST /session/8e46be55-45aa-47a5-b5b5-88f8289e26ab/touch/perform {"actions":[{"action":"tap","options":{"x":10,"y":10}}]}
2025-11-01 19:35:09:058 [8e46be55][XCUITestDriver@4740] Calling AppiumDriver.performTouch() with args: [[{"action":"tap","options":{"x":10,"y":10}}],"8e46be55-45aa-47a5-b5b5-88f8289e26ab"]
2025-11-01 19:35:09:058 [8e46be55][XCUITestDriver@4740] Executing command 'performTouch'
2025-11-01 19:35:09:058 [8e46be55][XCUITestDriver@4740] Received the following touch action: tap(options={"x":10,"y":10})
2025-11-01 19:35:09:058 [8e46be55][XCUITestDriver@4740] Setting custom timeout to 30000 ms for 'performTouch' command
2025-11-01 19:35:09:059 [8e46be55][XCUITestDriver@4740] Proxying [POST /wda/touch/perform] to [POST http://127.0.0.1:8100/session/E557D0CC-B359-4744-853B-0B3005B05F52/wda/touch/perform] with body: {"actions":[{"action":"tap","options":{"x":10,"y":10}}]}
2025-11-01 19:35:09:522 [8e46be55][XCUITestDriver@4740] Got response with status 500: {"value":{"error":"unknown error","message":"-[XCUIApplicationProcess waitForQuiescenceIncludingAnimationsIdle:]: unrecognized selector sent to instance 0x600002c66b00","traceback":"(\n\t0   CoreFoundation                      0x00000001804f39e8 __exceptionPreprocess + 172\n\t1   libobjc.A.dylib                     0x000000018009c084 objc_exception_throw + 72\n\t2   CoreFoundation                      0x00000001805092a8 +[NSObject(NSObject) instanceMethodSignatureForSelector:] + 0\n\t3   CoreFoundation                      0x00000001804f7cb8 ___forwarding___ + 1196\n\t4   CoreFoundation                      0x00000001804fa1fc _CF_forwarding_prep_0 + 92\n\t5   WebDriverAgentLib                   0x000000010a854d30 -[XCUIElement(FBUtilities) fb_waitUntilStableWithTimeout:] + 312\n\t6   WebDriverAgentLib                   0x000000010a80fc7c -[XCUIApplication(FBTouchAction) fb_performAppiumTouchActions:elementCache:error:] + 192\n\t7   WebDriverAgentLib                   0x000000010a84ccd4 +[FBTouchActionComma...
2025-11-01 19:35:09:522 [8e46be55][W3C] Matched W3C error code 'unknown error' to UnknownError
2025-11-01 19:35:09:523 [8e46be55][XCUITestDriver@4740] Encountered internal error running command: UnknownError: An unknown server-side error occurred while processing the command. Original error: -[XCUIApplicationProcess waitForQuiescenceIncludingAnimationsIdle:]: unrecognized selector sent to instance 0x600002c66b00
    at errorFromW3CJsonCode (/Users/icebergslim/projects/voyager-RN/automation/node_modules/appium-xcuitest-driver/node_modules/@appium/base-driver/lib/protocol/errors.js:1085:25)
    at ProxyRequestError.getActualError (/Users/icebergslim/projects/voyager-RN/automation/node_modules/appium-xcuitest-driver/node_modules/@appium/base-driver/lib/protocol/errors.js:954:14)
    at JWProxy.command (/Users/icebergslim/projects/voyager-RN/automation/node_modules/appium-xcuitest-driver/node_modules/@appium/base-driver/lib/jsonwp-proxy/proxy.js:353:19)
    at processTicksAndRejections (node:internal/process/task_queues:95:5)
2025-11-01 19:35:09:525 [8e46be55][HTTP] <-- POST /session/8e46be55-45aa-47a5-b5b5-88f8289e26ab/touch/perform 500 466 ms - 1116 
2025-11-01 19:35:09:532 [8e46be55][HTTP] --> POST /session/8e46be55-45aa-47a5-b5b5-88f8289e26ab/element {"using":"accessibility id","value":"login-email-input"}
2025-11-01 19:35:09:532 [8e46be55][XCUITestDriver@4740] Calling AppiumDriver.findElement() with args: ["accessibility id","login-email-input","8e46be55-45aa-47a5-b5b5-88f8289e26ab"]
2025-11-01 19:35:09:532 [8e46be55][XCUITestDriver@4740] Executing command 'findElement'
2025-11-01 19:35:09:533 [8e46be55][XCUITestDriver@4740] Valid locator strategies for this request: xpath, id, name, class name, -ios predicate string, -ios class chain, accessibility id, css selector
2025-11-01 19:35:09:533 [8e46be55][XCUITestDriver@4740] Waiting up to 0 ms for condition
2025-11-01 19:35:09:537 [8e46be55][XCUITestDriver@4740] Setting custom timeout to 30000 ms for 'findElement' command
2025-11-01 19:35:09:537 [8e46be55][XCUITestDriver@4740] Matched '/element' to command name 'findElement'
2025-11-01 19:35:09:537 [8e46be55][XCUITestDriver@4740] Proxying [POST /element] to [POST http://127.0.0.1:8100/session/E557D0CC-B359-4744-853B-0B3005B05F52/element] with body: {"using":"accessibility id","value":"login-email-input"}
2025-11-01 19:35:09:591 [8e46be55][XCUITestDriver@4740] Got response with status 404: {"value":{"error":"no such element","message":"unable to find an element using 'accessibility id', value 'login-email-input'","traceback":"(\n\t0   WebDriverAgentLib                   0x000000010a8632e0 FBNoSuchElementErrorResponseForRequest + 252\n\t1   WebDriverAgentLib                   0x000000010a863104 +[FBFindElementCommands handleFindElement:] + 344\n\t2   WebDriverAgentLib                   0x000000010a826524 -[FBRoute_TargetAction mountRequest:intoResponse:] + 168\n\t3   WebDriverAgentLib                   0x000000010a8114ec __37-[FBWebServer registerRouteHandlers:]_block_invoke + 428\n\t4   WebDriverAgentLib                   0x000000010a848878 -[RoutingHTTPServer handleRoute:withRequest:response:] + 168\n\t5   WebDriverAgentLib                   0x000000010a84936c __72-[RoutingHTTPServer routeMethod:withPath:parameters:request:connection:]_block_invoke + 64\n\t6   libdispatch.dylib                   0x00000001801d34b0 _dispatch_client_callout + 12\n\t7   libdispatch.dylib                   0x00...
2025-11-01 19:35:09:592 [8e46be55][W3C] Matched W3C error code 'no such element' to NoSuchElementError
2025-11-01 19:35:09:594 [8e46be55][XCUITestDriver@4740] Encountered internal error running command: NoSuchElementError: An element could not be located on the page using the given search parameters.
    at XCUITestDriver.doNativeFind (/Users/icebergslim/projects/voyager-RN/automation/node_modules/appium-xcuitest-driver/lib/commands/find.js:143:13)
    at async XCUITestDriver.findNativeElementOrElements (/Users/icebergslim/projects/voyager-RN/automation/node_modules/appium-xcuitest-driver/lib/commands/find.js:97:12)
    at async XCUITestDriver.findElOrEls (/Users/icebergslim/projects/voyager-RN/automation/node_modules/appium-xcuitest-driver/lib/commands/find.js:24:14)
    at async XCUITestDriver.findElOrElsWithProcessing (/Users/icebergslim/projects/voyager-RN/automation/node_modules/@appium/base-driver/lib/basedriver/commands/find.ts:60:12)
    at async XCUITestDriver.findElement (/Users/icebergslim/projects/voyager-RN/automation/node_modules/@appium/base-driver/lib/basedriver/commands/find.ts:75:12)
2025-11-01 19:35:09:594 [8e46be55][HTTP] <-- POST /session/8e46be55-45aa-47a5-b5b5-88f8289e26ab/element 404 63 ms - 1064 
2025-11-01 19:35:09:604 [8e46be55][HTTP] --> POST /session/8e46be55-45aa-47a5-b5b5-88f8289e26ab/elements {"using":"accessibility id","value":"login-email-input"}
2025-11-01 19:35:09:604 [8e46be55][XCUITestDriver@4740] Calling AppiumDriver.findElements() with args: ["accessibility id","login-email-input","8e46be55-45aa-47a5-b5b5-88f8289e26ab"]
2025-11-01 19:35:09:605 [8e46be55][XCUITestDriver@4740] Executing command 'findElements'
2025-11-01 19:35:09:605 [8e46be55][XCUITestDriver@4740] Valid locator strategies for this request: xpath, id, name, class name, -ios predicate string, -ios class chain, accessibility id, css selector
2025-11-01 19:35:09:605 [8e46be55][XCUITestDriver@4740] Waiting up to 0 ms for condition
2025-11-01 19:35:09:606 [8e46be55][XCUITestDriver@4740] Setting custom timeout to 30000 ms for 'findElements' command
2025-11-01 19:35:09:606 [8e46be55][XCUITestDriver@4740] Matched '/elements' to command name 'findElements'
2025-11-01 19:35:09:606 [8e46be55][XCUITestDriver@4740] Proxying [POST /elements] to [POST http://127.0.0.1:8100/session/E557D0CC-B359-4744-853B-0B3005B05F52/elements] with body: {"using":"accessibility id","value":"login-email-input"}
2025-11-01 19:35:09:631 [8e46be55][XCUITestDriver@4740] Got response with status 200: {"value":[],"sessionId":"E557D0CC-B359-4744-853B-0B3005B05F52"}
2025-11-01 19:35:09:632 [8e46be55][XCUITestDriver@4740] Responding to client with driver.findElements() result: []
2025-11-01 19:35:09:632 [8e46be55][HTTP] <-- POST /session/8e46be55-45aa-47a5-b5b5-88f8289e26ab/elements 200 28 ms - 12 
2025-11-01 19:35:09:642 [8e46be55][HTTP] --> DELETE /session/8e46be55-45aa-47a5-b5b5-88f8289e26ab {}
2025-11-01 19:35:09:642 [8e46be55][XCUITestDriver@4740] Calling AppiumDriver.deleteSession() with args: ["8e46be55-45aa-47a5-b5b5-88f8289e26ab"]
2025-11-01 19:35:09:642 [8e46be55][AppiumDriver@9e64] Event 'quitSessionRequested' logged at 1762025709642 (15:35:09 GMT-0400 (Eastern Daylight Time))
2025-11-01 19:35:09:643 [8e46be55][AppiumDriver@9e64] Removing session 8e46be55-45aa-47a5-b5b5-88f8289e26ab from our master session list
2025-11-01 19:35:09:643 [8e46be55][XCUITestDriver@4740] Setting custom timeout to 30000 ms for 'deleteSession' command
2025-11-01 19:35:09:643 [8e46be55][XCUITestDriver@4740] Matched '/session/8e46be55-45aa-47a5-b5b5-88f8289e26ab' to command name 'deleteSession'
2025-11-01 19:35:09:643 [8e46be55][XCUITestDriver@4740] Proxying [DELETE /session/8e46be55-45aa-47a5-b5b5-88f8289e26ab] to [DELETE http://127.0.0.1:8100/session/E557D0CC-B359-4744-853B-0B3005B05F52] with no body
2025-11-01 19:35:10:671 [8e46be55][XCUITestDriver@4740] Got response with status 200: {"value":null,"sessionId":null}
2025-11-01 19:35:10:672 [8e46be55][DevCon Factory] Releasing connections for 69160A0F-7DDF-4442-8C1D-FBA991D48EA7 device on any port number
2025-11-01 19:35:10:673 [8e46be55][DevCon Factory] Found cached connections to release: ["69160A0F-7DDF-4442-8C1D-FBA991D48EA7:8100"]
2025-11-01 19:35:10:673 [8e46be55][DevCon Factory] Cached connections count: 0
2025-11-01 19:35:10:673 [8e46be55][XCUITestDriver@4740] Not clearing log files. Use `clearSystemFiles` capability to turn on.
2025-11-01 19:35:10:674 [8e46be55][AppiumDriver@9e64] Event 'quitSessionFinished' logged at 1762025710674 (15:35:10 GMT-0400 (Eastern Daylight Time))
2025-11-01 19:35:10:674 [8e46be55][AppiumDriver@9e64] Received response: null
2025-11-01 19:35:10:675 [8e46be55][AppiumDriver@9e64] But deleting session, so not returning
2025-11-01 19:35:10:675 [8e46be55][AppiumDriver@9e64] Responding to client with driver.deleteSession() result: null
2025-11-01 19:35:10:676 [8e46be55][HTTP] <-- DELETE /session/8e46be55-45aa-47a5-b5b5-88f8289e26ab 200 1033 ms - 14 
